-------------------------------------------------------------------------------
Test set: com.xxl.mapper.UserMapperTest
-------------------------------------------------------------------------------
Tests run: 1, Failures: 0, Errors: 1, Skipped: 0, Time elapsed: 3.487 s <<< FAILURE! - in com.xxl.mapper.UserMapperTest
testQuery(com.xxl.mapper.UserMapperTest)  Time elapsed: 0.002 s  <<< ERROR!
java.lang.IllegalStateException: Failed to load ApplicationContext
Caused by: org.springframework.beans.factory.UnsatisfiedDependencyException: Error creating bean with name 'userMapper' defined in file [/Users/xl/longRoad/vue项目/loginJava/spring_demo1209/target/classes/com/xxl/mapper/UserMapper.class]: Unsatisfied dependency expressed through bean property 'sqlSessionFactory'; nested exception is org.springframework.beans.factory.UnsatisfiedDependencyException: Error creating bean with name 'tk.mybatis.mapper.autoconfigure.MapperAutoConfiguration': Unsatisfied dependency expressed through constructor parameter 0; nested exception is org.springframework.boot.context.properties.ConfigurationPropertiesBindException: Error creating bean with name 'mybatis-tk.mybatis.mapper.autoconfigure.MybatisProperties': Could not bind properties to 'MybatisProperties' : prefix=mybatis, ignoreInvalidFields=false, ignoreUnknownFields=true; nested exception is org.springframework.boot.context.properties.bind.BindException: Failed to bind properties under 'mybatis.configuration' to org.apache.ibatis.session.Configuration
Caused by: org.springframework.beans.factory.UnsatisfiedDependencyException: Error creating bean with name 'tk.mybatis.mapper.autoconfigure.MapperAutoConfiguration': Unsatisfied dependency expressed through constructor parameter 0; nested exception is org.springframework.boot.context.properties.ConfigurationPropertiesBindException: Error creating bean with name 'mybatis-tk.mybatis.mapper.autoconfigure.MybatisProperties': Could not bind properties to 'MybatisProperties' : prefix=mybatis, ignoreInvalidFields=false, ignoreUnknownFields=true; nested exception is org.springframework.boot.context.properties.bind.BindException: Failed to bind properties under 'mybatis.configuration' to org.apache.ibatis.session.Configuration
Caused by: org.springframework.boot.context.properties.ConfigurationPropertiesBindException: Error creating bean with name 'mybatis-tk.mybatis.mapper.autoconfigure.MybatisProperties': Could not bind properties to 'MybatisProperties' : prefix=mybatis, ignoreInvalidFields=false, ignoreUnknownFields=true; nested exception is org.springframework.boot.context.properties.bind.BindException: Failed to bind properties under 'mybatis.configuration' to org.apache.ibatis.session.Configuration
Caused by: org.springframework.boot.context.properties.bind.BindException: Failed to bind properties under 'mybatis.configuration' to org.apache.ibatis.session.Configuration
Caused by: org.springframework.core.convert.ConverterNotFoundException: No converter found capable of converting from type [java.lang.String] to type [@org.springframework.boot.context.properties.NestedConfigurationProperty org.apache.ibatis.session.Configuration]

