<?xml version="1.0" encoding="UTF-8"?>
<testsuite xmlns:xsi="http://www.w3.org/2001/XMLSchema-instance" xsi:noNamespaceSchemaLocation="https://maven.apache.org/surefire/maven-surefire-plugin/xsd/surefire-test-report.xsd" name="com.xxl.mapper.UserMapperTest" time="3.487" tests="1" errors="1" skipped="0" failures="0">
  <properties>
[...]
</properties>
  <testcase name="testQuery" classname="com.xxl.mapper.UserMapperTest" time="0.002">
    <error message="Failed to load ApplicationContext" type="java.lang.IllegalStateException">java.lang.IllegalStateException: Failed to load ApplicationContext
Caused by: org.springframework.beans.factory.UnsatisfiedDependencyException: Error creating bean with name 'userMapper' defined in file [/Users/xl/longRoad/vue项目/loginJava/spring_demo1209/target/classes/com/xxl/mapper/UserMapper.class]: Unsatisfied dependency expressed through bean property 'sqlSessionFactory'; nested exception is org.springframework.beans.factory.UnsatisfiedDependencyException: Error creating bean with name 'tk.mybatis.mapper.autoconfigure.MapperAutoConfiguration': Unsatisfied dependency expressed through constructor parameter 0; nested exception is org.springframework.boot.context.properties.ConfigurationPropertiesBindException: Error creating bean with name 'mybatis-tk.mybatis.mapper.autoconfigure.MybatisProperties': Could not bind properties to 'MybatisProperties' : prefix=mybatis, ignoreInvalidFields=false, ignoreUnknownFields=true; nested exception is org.springframework.boot.context.properties.bind.BindException: Failed to bind properties under 'mybatis.configuration' to org.apache.ibatis.session.Configuration
Caused by: org.springframework.beans.factory.UnsatisfiedDependencyException: Error creating bean with name 'tk.mybatis.mapper.autoconfigure.MapperAutoConfiguration': Unsatisfied dependency expressed through constructor parameter 0; nested exception is org.springframework.boot.context.properties.ConfigurationPropertiesBindException: Error creating bean with name 'mybatis-tk.mybatis.mapper.autoconfigure.MybatisProperties': Could not bind properties to 'MybatisProperties' : prefix=mybatis, ignoreInvalidFields=false, ignoreUnknownFields=true; nested exception is org.springframework.boot.context.properties.bind.BindException: Failed to bind properties under 'mybatis.configuration' to org.apache.ibatis.session.Configuration
Caused by: org.springframework.boot.context.properties.ConfigurationPropertiesBindException: Error creating bean with name 'mybatis-tk.mybatis.mapper.autoconfigure.MybatisProperties': Could not bind properties to 'MybatisProperties' : prefix=mybatis, ignoreInvalidFields=false, ignoreUnknownFields=true; nested exception is org.springframework.boot.context.properties.bind.BindException: Failed to bind properties under 'mybatis.configuration' to org.apache.ibatis.session.Configuration
Caused by: org.springframework.boot.context.properties.bind.BindException: Failed to bind properties under 'mybatis.configuration' to org.apache.ibatis.session.Configuration
Caused by: org.springframework.core.convert.ConverterNotFoundException: No converter found capable of converting from type [java.lang.String] to type [@org.springframework.boot.context.properties.NestedConfigurationProperty org.apache.ibatis.session.Configuration]
</error>
    <system-out><![CDATA[23:26:47.863 [main] DEBUG org.springframework.test.context.junit4.SpringJUnit4ClassRunner - SpringJUnit4ClassRunner constructor called with [class com.xxl.mapper.UserMapperTest]
23:26:47.875 [main] DEBUG org.springframework.test.context.BootstrapUtils - Instantiating CacheAwareContextLoaderDelegate from class [org.springframework.test.context.cache.DefaultCacheAwareContextLoaderDelegate]
23:26:47.888 [main] DEBUG org.springframework.test.context.BootstrapUtils - Instantiating BootstrapContext using constructor [public org.springframework.test.context.support.DefaultBootstrapContext(java.lang.Class,org.springframework.test.context.CacheAwareContextLoaderDelegate)]
23:26:47.928 [main] DEBUG org.springframework.test.context.BootstrapUtils - Instantiating TestContextBootstrapper for test class [com.xxl.mapper.UserMapperTest] from class [org.springframework.boot.test.context.SpringBootTestContextBootstrapper]
23:26:47.952 [main] INFO org.springframework.boot.test.context.SpringBootTestContextBootstrapper - Neither @ContextConfiguration nor @ContextHierarchy found for test class [com.xxl.mapper.UserMapperTest], using SpringBootContextLoader
23:26:47.956 [main] DEBUG org.springframework.test.context.support.AbstractContextLoader - Did not detect default resource location for test class [com.xxl.mapper.UserMapperTest]: class path resource [com/xxl/mapper/UserMapperTest-context.xml] does not exist
23:26:47.959 [main] DEBUG org.springframework.test.context.support.AbstractContextLoader - Did not detect default resource location for test class [com.xxl.mapper.UserMapperTest]: class path resource [com/xxl/mapper/UserMapperTestContext.groovy] does not exist
23:26:47.959 [main] INFO org.springframework.test.context.support.AbstractContextLoader - Could not detect default resource locations for test class [com.xxl.mapper.UserMapperTest]: no resource found for suffixes {-context.xml, Context.groovy}.
23:26:47.962 [main] INFO org.springframework.test.context.support.AnnotationConfigContextLoaderUtils - Could not detect default configuration classes for test class [com.xxl.mapper.UserMapperTest]: UserMapperTest does not declare any static, non-private, non-final, nested classes annotated with @Configuration.
23:26:48.043 [main] DEBUG org.springframework.test.context.support.ActiveProfilesUtils - Could not find an 'annotation declaring class' for annotation type [org.springframework.test.context.ActiveProfiles] and class [com.xxl.mapper.UserMapperTest]
23:26:48.054 [main] DEBUG org.springframework.core.env.StandardEnvironment - Adding PropertySource 'systemProperties' with lowest search precedence
23:26:48.055 [main] DEBUG org.springframework.core.env.StandardEnvironment - Adding PropertySource 'systemEnvironment' with lowest search precedence
23:26:48.056 [main] DEBUG org.springframework.core.env.StandardEnvironment - Initialized StandardEnvironment with PropertySources [MapPropertySource@40472007 {name='systemProperties', properties={java.runtime.name=Java(TM) SE Runtime Environment, sun.boot.library.path=/Library/Java/JavaVirtualMachines/jdk1.8.0_202.jdk/Contents/Home/jre/lib, java.vm.version=25.202-b08, gopherProxySet=false, java.vm.vendor=Oracle Corporation, java.vendor.url=http://java.oracle.com/, path.separator=:, java.vm.name=Java HotSpot(TM) 64-Bit Server VM, file.encoding.pkg=sun.io, user.country=CN, sun.java.launcher=SUN_STANDARD, sun.os.patch.level=unknown, java.vm.specification.name=Java Virtual Machine Specification, user.dir=/Users/xl/longRoad/vue项目/loginJava/spring_demo1209, java.runtime.version=1.8.0_202-b08, basedir=/Users/xl/longRoad/vue项目/loginJava/spring_demo1209, java.awt.graphicsenv=sun.awt.CGraphicsEnvironment, java.endorsed.dirs=/Library/Java/JavaVirtualMachines/jdk1.8.0_202.jdk/Contents/Home/jre/lib/endorsed, os.arch=x86_64, surefire.real.class.path=/Users/xl/longRoad/vue项目/loginJava/spring_demo1209/target/surefire/surefirebooter1724830505076743615.jar, java.io.tmpdir=/var/folders/4x/fhjh60ln07b83571s9k7t9km0000gn/T/, line.separator=
, java.vm.specification.vendor=Oracle Corporation, os.name=Mac OS X, sun.jnu.encoding=UTF-8, java.library.path=/Users/xl/Library/Java/Extensions:/Library/Java/Extensions:/Network/Library/Java/Extensions:/System/Library/Java/Extensions:/usr/lib/java:., surefire.test.class.path=/Users/xl/longRoad/vue项目/loginJava/spring_demo1209/target/test-classes:/Users/xl/longRoad/vue项目/loginJava/spring_demo1209/target/classes:/usr/local/apache-maven-3.6.2/repository/org/springframework/boot/spring-boot-starter-web/2.0.4.RELEASE/spring-boot-starter-web-2.0.4.RELEASE.jar:/usr/local/apache-maven-3.6.2/repository/org/springframework/boot/spring-boot-starter/2.0.4.RELEASE/spring-boot-starter-2.0.4.RELEASE.jar:/usr/local/apache-maven-3.6.2/repository/org/springframework/boot/spring-boot/2.0.4.RELEASE/spring-boot-2.0.4.RELEASE.jar:/usr/local/apache-maven-3.6.2/repository/org/springframework/boot/spring-boot-autoconfigure/2.0.4.RELEASE/spring-boot-autoconfigure-2.0.4.RELEASE.jar:/usr/local/apache-maven-3.6.2/repository/org/springframework/boot/spring-boot-starter-logging/2.0.4.RELEASE/spring-boot-starter-logging-2.0.4.RELEASE.jar:/usr/local/apache-maven-3.6.2/repository/ch/qos/logback/logback-classic/1.2.3/logback-classic-1.2.3.jar:/usr/local/apache-maven-3.6.2/repository/ch/qos/logback/logback-core/1.2.3/logback-core-1.2.3.jar:/usr/local/apache-maven-3.6.2/repository/org/apache/logging/log4j/log4j-to-slf4j/2.10.0/log4j-to-slf4j-2.10.0.jar:/usr/local/apache-maven-3.6.2/repository/org/apache/logging/log4j/log4j-api/2.10.0/log4j-api-2.10.0.jar:/usr/local/apache-maven-3.6.2/repository/org/slf4j/jul-to-slf4j/1.7.25/jul-to-slf4j-1.7.25.jar:/usr/local/apache-maven-3.6.2/repository/javax/annotation/javax.annotation-api/1.3.2/javax.annotation-api-1.3.2.jar:/usr/local/apache-maven-3.6.2/repository/org/yaml/snakeyaml/1.19/snakeyaml-1.19.jar:/usr/local/apache-maven-3.6.2/repository/org/springframework/boot/spring-boot-starter-json/2.0.4.RELEASE/spring-boot-starter-json-2.0.4.RELEASE.jar:/usr/local/apache-maven-3.6.2/repository/com/fasterxml/jackson/core/jackson-databind/2.9.6/jackson-databind-2.9.6.jar:/usr/local/apache-maven-3.6.2/repository/com/fasterxml/jackson/core/jackson-annotations/2.9.0/jackson-annotations-2.9.0.jar:/usr/local/apache-maven-3.6.2/repository/com/fasterxml/jackson/core/jackson-core/2.9.6/jackson-core-2.9.6.jar:/usr/local/apache-maven-3.6.2/repository/com/fasterxml/jackson/datatype/jackson-datatype-jdk8/2.9.6/jackson-datatype-jdk8-2.9.6.jar:/usr/local/apache-maven-3.6.2/repository/com/fasterxml/jackson/datatype/jackson-datatype-jsr310/2.9.6/jackson-datatype-jsr310-2.9.6.jar:/usr/local/apache-maven-3.6.2/repository/com/fasterxml/jackson/module/jackson-module-parameter-names/2.9.6/jackson-module-parameter-names-2.9.6.jar:/usr/local/apache-maven-3.6.2/repository/org/springframework/boot/spring-boot-starter-tomcat/2.0.4.RELEASE/spring-boot-starter-tomcat-2.0.4.RELEASE.jar:/usr/local/apache-maven-3.6.2/repository/org/apache/tomcat/embed/tomcat-embed-core/8.5.32/tomcat-embed-core-8.5.32.jar:/usr/local/apache-maven-3.6.2/repository/org/apache/tomcat/embed/tomcat-embed-el/8.5.32/tomcat-embed-el-8.5.32.jar:/usr/local/apache-maven-3.6.2/repository/org/apache/tomcat/embed/tomcat-embed-websocket/8.5.32/tomcat-embed-websocket-8.5.32.jar:/usr/local/apache-maven-3.6.2/repository/org/hibernate/validator/hibernate-validator/6.0.11.Final/hibernate-validator-6.0.11.Final.jar:/usr/local/apache-maven-3.6.2/repository/javax/validation/validation-api/2.0.1.Final/validation-api-2.0.1.Final.jar:/usr/local/apache-maven-3.6.2/repository/org/jboss/logging/jboss-logging/3.3.2.Final/jboss-logging-3.3.2.Final.jar:/usr/local/apache-maven-3.6.2/repository/com/fasterxml/classmate/1.3.4/classmate-1.3.4.jar:/usr/local/apache-maven-3.6.2/repository/org/springframework/spring-web/5.0.8.RELEASE/spring-web-5.0.8.RELEASE.jar:/usr/local/apache-maven-3.6.2/repository/org/springframework/spring-beans/5.0.8.RELEASE/spring-beans-5.0.8.RELEASE.jar:/usr/local/apache-maven-3.6.2/repository/org/springframework/spring-webmvc/5.0.8.RELEASE/spring-webmvc-5.0.8.RELEASE.jar:/usr/local/apache-maven-3.6.2/repository/org/springframework/spring-aop/5.0.8.RELEASE/spring-aop-5.0.8.RELEASE.jar:/usr/local/apache-maven-3.6.2/repository/org/springframework/spring-context/5.0.8.RELEASE/spring-context-5.0.8.RELEASE.jar:/usr/local/apache-maven-3.6.2/repository/org/springframework/spring-expression/5.0.8.RELEASE/spring-expression-5.0.8.RELEASE.jar:/usr/local/apache-maven-3.6.2/repository/org/projectlombok/lombok/1.18.8/lombok-1.18.8.jar:/usr/local/apache-maven-3.6.2/repository/mysql/mysql-connector-java/5.1.46/mysql-connector-java-5.1.46.jar:/usr/local/apache-maven-3.6.2/repository/tk/mybatis/mapper-spring-boot-starter/2.0.3/mapper-spring-boot-starter-2.0.3.jar:/usr/local/apache-maven-3.6.2/repository/org/springframework/boot/spring-boot-starter-jdbc/2.0.4.RELEASE/spring-boot-starter-jdbc-2.0.4.RELEASE.jar:/usr/local/apache-maven-3.6.2/repository/com/zaxxer/HikariCP/2.7.9/HikariCP-2.7.9.jar:/usr/local/apache-maven-3.6.2/repository/org/springframework/spring-jdbc/5.0.8.RELEASE/spring-jdbc-5.0.8.RELEASE.jar:/usr/local/apache-maven-3.6.2/repository/org/springframework/spring-tx/5.0.8.RELEASE/spring-tx-5.0.8.RELEASE.jar:/usr/local/apache-maven-3.6.2/repository/org/mybatis/mybatis/3.4.6/mybatis-3.4.6.jar:/usr/local/apache-maven-3.6.2/repository/org/mybatis/mybatis-spring/1.3.2/mybatis-spring-1.3.2.jar:/usr/local/apache-maven-3.6.2/repository/tk/mybatis/mapper-core/1.0.4/mapper-core-1.0.4.jar:/usr/local/apache-maven-3.6.2/repository/javax/persistence/persistence-api/1.0/persistence-api-1.0.jar:/usr/local/apache-maven-3.6.2/repository/tk/mybatis/mapper-base/1.0.4/mapper-base-1.0.4.jar:/usr/local/apache-maven-3.6.2/repository/tk/mybatis/mapper-weekend/1.1.3/mapper-weekend-1.1.3.jar:/usr/local/apache-maven-3.6.2/repository/tk/mybatis/mapper-spring/1.0.4/mapper-spring-1.0.4.jar:/usr/local/apache-maven-3.6.2/repository/tk/mybatis/mapper-extra/1.0.4/mapper-extra-1.0.4.jar:/usr/local/apache-maven-3.6.2/repository/tk/mybatis/mapper-spring-boot-autoconfigure/2.0.3/mapper-spring-boot-autoconfigure-2.0.3.jar:/usr/local/apache-maven-3.6.2/repository/org/springframework/boot/spring-boot-starter-test/2.0.4.RELEASE/spring-boot-starter-test-2.0.4.RELEASE.jar:/usr/local/apache-maven-3.6.2/repository/org/springframework/boot/spring-boot-test/2.0.4.RELEASE/spring-boot-test-2.0.4.RELEASE.jar:/usr/local/apache-maven-3.6.2/repository/org/springframework/boot/spring-boot-test-autoconfigure/2.0.4.RELEASE/spring-boot-test-autoconfigure-2.0.4.RELEASE.jar:/usr/local/apache-maven-3.6.2/repository/com/jayway/jsonpath/json-path/2.4.0/json-path-2.4.0.jar:/usr/local/apache-maven-3.6.2/repository/net/minidev/json-smart/2.3/json-smart-2.3.jar:/usr/local/apache-maven-3.6.2/repository/net/minidev/accessors-smart/1.2/accessors-smart-1.2.jar:/usr/local/apache-maven-3.6.2/repository/org/ow2/asm/asm/5.0.4/asm-5.0.4.jar:/usr/local/apache-maven-3.6.2/repository/org/slf4j/slf4j-api/1.7.25/slf4j-api-1.7.25.jar:/usr/local/apache-maven-3.6.2/repository/junit/junit/4.12/junit-4.12.jar:/usr/local/apache-maven-3.6.2/repository/org/assertj/assertj-core/3.9.1/assertj-core-3.9.1.jar:/usr/local/apache-maven-3.6.2/repository/org/mockito/mockito-core/2.15.0/mockito-core-2.15.0.jar:/usr/local/apache-maven-3.6.2/repository/net/bytebuddy/byte-buddy/1.7.11/byte-buddy-1.7.11.jar:/usr/local/apache-maven-3.6.2/repository/net/bytebuddy/byte-buddy-agent/1.7.11/byte-buddy-agent-1.7.11.jar:/usr/local/apache-maven-3.6.2/repository/org/objenesis/objenesis/2.6/objenesis-2.6.jar:/usr/local/apache-maven-3.6.2/repository/org/hamcrest/hamcrest-core/1.3/hamcrest-core-1.3.jar:/usr/local/apache-maven-3.6.2/repository/org/hamcrest/hamcrest-library/1.3/hamcrest-library-1.3.jar:/usr/local/apache-maven-3.6.2/repository/org/skyscreamer/jsonassert/1.5.0/jsonassert-1.5.0.jar:/usr/local/apache-maven-3.6.2/repository/com/vaadin/external/google/android-json/0.0.20131108.vaadin1/android-json-0.0.20131108.vaadin1.jar:/usr/local/apache-maven-3.6.2/repository/org/springframework/spring-core/5.0.8.RELEASE/spring-core-5.0.8.RELEASE.jar:/usr/local/apache-maven-3.6.2/repository/org/springframework/spring-jcl/5.0.8.RELEASE/spring-jcl-5.0.8.RELEASE.jar:/usr/local/apache-maven-3.6.2/repository/org/springframework/spring-test/5.0.8.RELEASE/spring-test-5.0.8.RELEASE.jar:/usr/local/apache-maven-3.6.2/repository/org/xmlunit/xmlunit-core/2.5.1/xmlunit-core-2.5.1.jar:, java.specification.name=Java Platform API Specification, java.class.version=52.0, sun.management.compiler=HotSpot 64-Bit Tiered Compilers, maven.repo.local=/usr/local/apache-maven-3.6.2/repository, os.version=10.13.4, user.home=/Users/xl, user.timezone=Asia/Shanghai, java.awt.printerjob=sun.lwawt.macosx.CPrinterJob, file.encoding=UTF-8, java.specification.version=1.8, idea.version2019.2.4=true, java.class.path=/Users/xl/longRoad/vue项目/loginJava/spring_demo1209/target/test-classes:/Users/xl/longRoad/vue项目/loginJava/spring_demo1209/target/classes:/usr/local/apache-maven-3.6.2/repository/org/springframework/boot/spring-boot-starter-web/2.0.4.RELEASE/spring-boot-starter-web-2.0.4.RELEASE.jar:/usr/local/apache-maven-3.6.2/repository/org/springframework/boot/spring-boot-starter/2.0.4.RELEASE/spring-boot-starter-2.0.4.RELEASE.jar:/usr/local/apache-maven-3.6.2/repository/org/springframework/boot/spring-boot/2.0.4.RELEASE/spring-boot-2.0.4.RELEASE.jar:/usr/local/apache-maven-3.6.2/repository/org/springframework/boot/spring-boot-autoconfigure/2.0.4.RELEASE/spring-boot-autoconfigure-2.0.4.RELEASE.jar:/usr/local/apache-maven-3.6.2/repository/org/springframework/boot/spring-boot-starter-logging/2.0.4.RELEASE/spring-boot-starter-logging-2.0.4.RELEASE.jar:/usr/local/apache-maven-3.6.2/repository/ch/qos/logback/logback-classic/1.2.3/logback-classic-1.2.3.jar:/usr/local/apache-maven-3.6.2/repository/ch/qos/logback/logback-core/1.2.3/logback-core-1.2.3.jar:/usr/local/apache-maven-3.6.2/repository/org/apache/logging/log4j/log4j-to-slf4j/2.10.0/log4j-to-slf4j-2.10.0.jar:/usr/local/apache-maven-3.6.2/repository/org/apache/logging/log4j/log4j-api/2.10.0/log4j-api-2.10.0.jar:/usr/local/apache-maven-3.6.2/repository/org/slf4j/jul-to-slf4j/1.7.25/jul-to-slf4j-1.7.25.jar:/usr/local/apache-maven-3.6.2/repository/javax/annotation/javax.annotation-api/1.3.2/javax.annotation-api-1.3.2.jar:/usr/local/apache-maven-3.6.2/repository/org/yaml/snakeyaml/1.19/snakeyaml-1.19.jar:/usr/local/apache-maven-3.6.2/repository/org/springframework/boot/spring-boot-starter-json/2.0.4.RELEASE/spring-boot-starter-json-2.0.4.RELEASE.jar:/usr/local/apache-maven-3.6.2/repository/com/fasterxml/jackson/core/jackson-databind/2.9.6/jackson-databind-2.9.6.jar:/usr/local/apache-maven-3.6.2/repository/com/fasterxml/jackson/core/jackson-annotations/2.9.0/jackson-annotations-2.9.0.jar:/usr/local/apache-maven-3.6.2/repository/com/fasterxml/jackson/core/jackson-core/2.9.6/jackson-core-2.9.6.jar:/usr/local/apache-maven-3.6.2/repository/com/fasterxml/jackson/datatype/jackson-datatype-jdk8/2.9.6/jackson-datatype-jdk8-2.9.6.jar:/usr/local/apache-maven-3.6.2/repository/com/fasterxml/jackson/datatype/jackson-datatype-jsr310/2.9.6/jackson-datatype-jsr310-2.9.6.jar:/usr/local/apache-maven-3.6.2/repository/com/fasterxml/jackson/module/jackson-module-parameter-names/2.9.6/jackson-module-parameter-names-2.9.6.jar:/usr/local/apache-maven-3.6.2/repository/org/springframework/boot/spring-boot-starter-tomcat/2.0.4.RELEASE/spring-boot-starter-tomcat-2.0.4.RELEASE.jar:/usr/local/apache-maven-3.6.2/repository/org/apache/tomcat/embed/tomcat-embed-core/8.5.32/tomcat-embed-core-8.5.32.jar:/usr/local/apache-maven-3.6.2/repository/org/apache/tomcat/embed/tomcat-embed-el/8.5.32/tomcat-embed-el-8.5.32.jar:/usr/local/apache-maven-3.6.2/repository/org/apache/tomcat/embed/tomcat-embed-websocket/8.5.32/tomcat-embed-websocket-8.5.32.jar:/usr/local/apache-maven-3.6.2/repository/org/hibernate/validator/hibernate-validator/6.0.11.Final/hibernate-validator-6.0.11.Final.jar:/usr/local/apache-maven-3.6.2/repository/javax/validation/validation-api/2.0.1.Final/validation-api-2.0.1.Final.jar:/usr/local/apache-maven-3.6.2/repository/org/jboss/logging/jboss-logging/3.3.2.Final/jboss-logging-3.3.2.Final.jar:/usr/local/apache-maven-3.6.2/repository/com/fasterxml/classmate/1.3.4/classmate-1.3.4.jar:/usr/local/apache-maven-3.6.2/repository/org/springframework/spring-web/5.0.8.RELEASE/spring-web-5.0.8.RELEASE.jar:/usr/local/apache-maven-3.6.2/repository/org/springframework/spring-beans/5.0.8.RELEASE/spring-beans-5.0.8.RELEASE.jar:/usr/local/apache-maven-3.6.2/repository/org/springframework/spring-webmvc/5.0.8.RELEASE/spring-webmvc-5.0.8.RELEASE.jar:/usr/local/apache-maven-3.6.2/repository/org/springframework/spring-aop/5.0.8.RELEASE/spring-aop-5.0.8.RELEASE.jar:/usr/local/apache-maven-3.6.2/repository/org/springframework/spring-context/5.0.8.RELEASE/spring-context-5.0.8.RELEASE.jar:/usr/local/apache-maven-3.6.2/repository/org/springframework/spring-expression/5.0.8.RELEASE/spring-expression-5.0.8.RELEASE.jar:/usr/local/apache-maven-3.6.2/repository/org/projectlombok/lombok/1.18.8/lombok-1.18.8.jar:/usr/local/apache-maven-3.6.2/repository/mysql/mysql-connector-java/5.1.46/mysql-connector-java-5.1.46.jar:/usr/local/apache-maven-3.6.2/repository/tk/mybatis/mapper-spring-boot-starter/2.0.3/mapper-spring-boot-starter-2.0.3.jar:/usr/local/apache-maven-3.6.2/repository/org/springframework/boot/spring-boot-starter-jdbc/2.0.4.RELEASE/spring-boot-starter-jdbc-2.0.4.RELEASE.jar:/usr/local/apache-maven-3.6.2/repository/com/zaxxer/HikariCP/2.7.9/HikariCP-2.7.9.jar:/usr/local/apache-maven-3.6.2/repository/org/springframework/spring-jdbc/5.0.8.RELEASE/spring-jdbc-5.0.8.RELEASE.jar:/usr/local/apache-maven-3.6.2/repository/org/springframework/spring-tx/5.0.8.RELEASE/spring-tx-5.0.8.RELEASE.jar:/usr/local/apache-maven-3.6.2/repository/org/mybatis/mybatis/3.4.6/mybatis-3.4.6.jar:/usr/local/apache-maven-3.6.2/repository/org/mybatis/mybatis-spring/1.3.2/mybatis-spring-1.3.2.jar:/usr/local/apache-maven-3.6.2/repository/tk/mybatis/mapper-core/1.0.4/mapper-core-1.0.4.jar:/usr/local/apache-maven-3.6.2/repository/javax/persistence/persistence-api/1.0/persistence-api-1.0.jar:/usr/local/apache-maven-3.6.2/repository/tk/mybatis/mapper-base/1.0.4/mapper-base-1.0.4.jar:/usr/local/apache-maven-3.6.2/repository/tk/mybatis/mapper-weekend/1.1.3/mapper-weekend-1.1.3.jar:/usr/local/apache-maven-3.6.2/repository/tk/mybatis/mapper-spring/1.0.4/mapper-spring-1.0.4.jar:/usr/local/apache-maven-3.6.2/repository/tk/mybatis/mapper-extra/1.0.4/mapper-extra-1.0.4.jar:/usr/local/apache-maven-3.6.2/repository/tk/mybatis/mapper-spring-boot-autoconfigure/2.0.3/mapper-spring-boot-autoconfigure-2.0.3.jar:/usr/local/apache-maven-3.6.2/repository/org/springframework/boot/spring-boot-starter-test/2.0.4.RELEASE/spring-boot-starter-test-2.0.4.RELEASE.jar:/usr/local/apache-maven-3.6.2/repository/org/springframework/boot/spring-boot-test/2.0.4.RELEASE/spring-boot-test-2.0.4.RELEASE.jar:/usr/local/apache-maven-3.6.2/repository/org/springframework/boot/spring-boot-test-autoconfigure/2.0.4.RELEASE/spring-boot-test-autoconfigure-2.0.4.RELEASE.jar:/usr/local/apache-maven-3.6.2/repository/com/jayway/jsonpath/json-path/2.4.0/json-path-2.4.0.jar:/usr/local/apache-maven-3.6.2/repository/net/minidev/json-smart/2.3/json-smart-2.3.jar:/usr/local/apache-maven-3.6.2/repository/net/minidev/accessors-smart/1.2/accessors-smart-1.2.jar:/usr/local/apache-maven-3.6.2/repository/org/ow2/asm/asm/5.0.4/asm-5.0.4.jar:/usr/local/apache-maven-3.6.2/repository/org/slf4j/slf4j-api/1.7.25/slf4j-api-1.7.25.jar:/usr/local/apache-maven-3.6.2/repository/junit/junit/4.12/junit-4.12.jar:/usr/local/apache-maven-3.6.2/repository/org/assertj/assertj-core/3.9.1/assertj-core-3.9.1.jar:/usr/local/apache-maven-3.6.2/repository/org/mockito/mockito-core/2.15.0/mockito-core-2.15.0.jar:/usr/local/apache-maven-3.6.2/repository/net/bytebuddy/byte-buddy/1.7.11/byte-buddy-1.7.11.jar:/usr/local/apache-maven-3.6.2/repository/net/bytebuddy/byte-buddy-agent/1.7.11/byte-buddy-agent-1.7.11.jar:/usr/local/apache-maven-3.6.2/repository/org/objenesis/objenesis/2.6/objenesis-2.6.jar:/usr/local/apache-maven-3.6.2/repository/org/hamcrest/hamcrest-core/1.3/hamcrest-core-1.3.jar:/usr/local/apache-maven-3.6.2/repository/org/hamcrest/hamcrest-library/1.3/hamcrest-library-1.3.jar:/usr/local/apache-maven-3.6.2/repository/org/skyscreamer/jsonassert/1.5.0/jsonassert-1.5.0.jar:/usr/local/apache-maven-3.6.2/repository/com/vaadin/external/google/android-json/0.0.20131108.vaadin1/android-json-0.0.20131108.vaadin1.jar:/usr/local/apache-maven-3.6.2/repository/org/springframework/spring-core/5.0.8.RELEASE/spring-core-5.0.8.RELEASE.jar:/usr/local/apache-maven-3.6.2/repository/org/springframework/spring-jcl/5.0.8.RELEASE/spring-jcl-5.0.8.RELEASE.jar:/usr/local/apache-maven-3.6.2/repository/org/springframework/spring-test/5.0.8.RELEASE/spring-test-5.0.8.RELEASE.jar:/usr/local/apache-maven-3.6.2/repository/org/xmlunit/xmlunit-core/2.5.1/xmlunit-core-2.5.1.jar:, user.name=xl, java.vm.specification.version=1.8, sun.java.command=/Users/xl/longRoad/vue项目/loginJava/spring_demo1209/target/surefire/surefirebooter1724830505076743615.jar /Users/xl/longRoad/vue项目/loginJava/spring_demo1209/target/surefire 2019-12-09T23-26-44_669-jvmRun1 surefire7930893037069887875tmp surefire_07668928869288384105tmp, java.home=/Library/Java/JavaVirtualMachines/jdk1.8.0_202.jdk/Contents/Home/jre, sun.arch.data.model=64, user.language=zh, java.specification.vendor=Oracle Corporation, awt.toolkit=sun.lwawt.macosx.LWCToolkit, java.vm.info=mixed mode, java.version=1.8.0_202, java.ext.dirs=/Users/xl/Library/Java/Extensions:/Library/Java/JavaVirtualMachines/jdk1.8.0_202.jdk/Contents/Home/jre/lib/ext:/Library/Java/Extensions:/Network/Library/Java/Extensions:/System/Library/Java/Extensions:/usr/lib/java, sun.boot.class.path=/Library/Java/JavaVirtualMachines/jdk1.8.0_202.jdk/Contents/Home/jre/lib/resources.jar:/Library/Java/JavaVirtualMachines/jdk1.8.0_202.jdk/Contents/Home/jre/lib/rt.jar:/Library/Java/JavaVirtualMachines/jdk1.8.0_202.jdk/Contents/Home/jre/lib/sunrsasign.jar:/Library/Java/JavaVirtualMachines/jdk1.8.0_202.jdk/Contents/Home/jre/lib/jsse.jar:/Library/Java/JavaVirtualMachines/jdk1.8.0_202.jdk/Contents/Home/jre/lib/jce.jar:/Library/Java/JavaVirtualMachines/jdk1.8.0_202.jdk/Contents/Home/jre/lib/charsets.jar:/Library/Java/JavaVirtualMachines/jdk1.8.0_202.jdk/Contents/Home/jre/lib/jfr.jar:/Library/Java/JavaVirtualMachines/jdk1.8.0_202.jdk/Contents/Home/jre/classes, java.vendor=Oracle Corporation, localRepository=/usr/local/apache-maven-3.6.2/repository, file.separator=/, java.vendor.url.bug=http://bugreport.sun.com/bugreport/, sun.io.unicode.encoding=UnicodeBig, sun.cpu.endian=little, sun.cpu.isalist=}}, SystemEnvironmentPropertySource@1138193439 {name='systemEnvironment', properties={JAVA_MAIN_CLASS_9401=org.apache.maven.surefire.booter.ForkedBooter, PATH=/usr/local/bin:/usr/bin:/bin:/usr/sbin:/sbin:/usr/local/mysql/bin, SHELL=/bin/zsh, JAVA_MAIN_CLASS_9398=org.codehaus.classworlds.Launcher, PAGER=less, LSCOLORS=Gxfxcxdxbxegedabagacad, OLDPWD=/Users/xl/longRoad/vue项目/loginJava/spring_demo1209, USER=xl, ZSH=/Users/xl/.oh-my-zsh, TMPDIR=/var/folders/4x/fhjh60ln07b83571s9k7t9km0000gn/T/, SSH_AUTH_SOCK=/private/tmp/com.apple.launchd.CAGc12zP3z/Listeners, XPC_FLAGS=0x0, __CF_USER_TEXT_ENCODING=0x1F5:0x19:0x34, Apple_PubSub_Socket_Render=/private/tmp/com.apple.launchd.0lt3WWXKYw/Render, LOGNAME=xl, LESS=-R, LC_CTYPE=zh_CN.UTF-8, XPC_SERVICE_NAME=0, PWD=/Users/xl/longRoad/vue项目/loginJava/spring_demo1209, HOME=/Users/xl, SHLVL=1, _=/Library/Java/JavaVirtualMachines/jdk1.8.0_202.jdk/Contents/Home/jre/bin/java}}]
23:26:48.132 [main] DEBUG org.springframework.core.io.support.PathMatchingResourcePatternResolver - Resolved classpath location [com/xxl/mapper/] to resources [URL [file:/Users/xl/longRoad/vue%E9%A1%B9%E7%9B%AE/loginJava/spring_demo1209/target/test-classes/com/xxl/mapper/], URL [file:/Users/xl/longRoad/vue%E9%A1%B9%E7%9B%AE/loginJava/spring_demo1209/target/classes/com/xxl/mapper/]]
23:26:48.133 [main] DEBUG org.springframework.core.io.support.PathMatchingResourcePatternResolver - Looking for matching resources in directory tree [/Users/xl/longRoad/vue项目/loginJava/spring_demo1209/target/test-classes/com/xxl/mapper]
23:26:48.134 [main] DEBUG org.springframework.core.io.support.PathMatchingResourcePatternResolver - Searching directory [/Users/xl/longRoad/vue项目/loginJava/spring_demo1209/target/test-classes/com/xxl/mapper] for files matching pattern [/Users/xl/longRoad/vue项目/loginJava/spring_demo1209/target/test-classes/com/xxl/mapper/*.class]
23:26:48.138 [main] DEBUG org.springframework.core.io.support.PathMatchingResourcePatternResolver - Looking for matching resources in directory tree [/Users/xl/longRoad/vue项目/loginJava/spring_demo1209/target/classes/com/xxl/mapper]
23:26:48.138 [main] DEBUG org.springframework.core.io.support.PathMatchingResourcePatternResolver - Searching directory [/Users/xl/longRoad/vue项目/loginJava/spring_demo1209/target/classes/com/xxl/mapper] for files matching pattern [/Users/xl/longRoad/vue项目/loginJava/spring_demo1209/target/classes/com/xxl/mapper/*.class]
23:26:48.143 [main] DEBUG org.springframework.core.io.support.PathMatchingResourcePatternResolver - Resolved location pattern [classpath*:com/xxl/mapper/*.class] to resources [file [/Users/xl/longRoad/vue项目/loginJava/spring_demo1209/target/test-classes/com/xxl/mapper/UserMapperTest.class], file [/Users/xl/longRoad/vue项目/loginJava/spring_demo1209/target/classes/com/xxl/mapper/UserMapper.class]]
23:26:48.194 [main] DEBUG org.springframework.core.io.support.PathMatchingResourcePatternResolver - Resolved classpath location [com/xxl/] to resources [URL [file:/Users/xl/longRoad/vue%E9%A1%B9%E7%9B%AE/loginJava/spring_demo1209/target/test-classes/com/xxl/], URL [file:/Users/xl/longRoad/vue%E9%A1%B9%E7%9B%AE/loginJava/spring_demo1209/target/classes/com/xxl/]]
23:26:48.195 [main] DEBUG org.springframework.core.io.support.PathMatchingResourcePatternResolver - Looking for matching resources in directory tree [/Users/xl/longRoad/vue项目/loginJava/spring_demo1209/target/test-classes/com/xxl]
23:26:48.195 [main] DEBUG org.springframework.core.io.support.PathMatchingResourcePatternResolver - Searching directory [/Users/xl/longRoad/vue项目/loginJava/spring_demo1209/target/test-classes/com/xxl] for files matching pattern [/Users/xl/longRoad/vue项目/loginJava/spring_demo1209/target/test-classes/com/xxl/*.class]
23:26:48.195 [main] DEBUG org.springframework.core.io.support.PathMatchingResourcePatternResolver - Looking for matching resources in directory tree [/Users/xl/longRoad/vue项目/loginJava/spring_demo1209/target/classes/com/xxl]
23:26:48.195 [main] DEBUG org.springframework.core.io.support.PathMatchingResourcePatternResolver - Searching directory [/Users/xl/longRoad/vue项目/loginJava/spring_demo1209/target/classes/com/xxl] for files matching pattern [/Users/xl/longRoad/vue项目/loginJava/spring_demo1209/target/classes/com/xxl/*.class]
23:26:48.200 [main] DEBUG org.springframework.core.io.support.PathMatchingResourcePatternResolver - Resolved location pattern [classpath*:com/xxl/*.class] to resources [file [/Users/xl/longRoad/vue项目/loginJava/spring_demo1209/target/classes/com/xxl/BootDemo.class]]
23:26:48.250 [main] DEBUG org.springframework.context.annotation.ClassPathScanningCandidateComponentProvider - Identified candidate component class: file [/Users/xl/longRoad/vue项目/loginJava/spring_demo1209/target/classes/com/xxl/BootDemo.class]
23:26:48.251 [main] INFO org.springframework.boot.test.context.SpringBootTestContextBootstrapper - Found @SpringBootConfiguration com.xxl.BootDemo for test class com.xxl.mapper.UserMapperTest
23:26:48.498 [main] DEBUG org.springframework.boot.test.context.SpringBootTestContextBootstrapper - @TestExecutionListeners is not present for class [com.xxl.mapper.UserMapperTest]: using defaults.
23:26:48.499 [main] INFO org.springframework.boot.test.context.SpringBootTestContextBootstrapper - Loaded default TestExecutionListener class names from location [META-INF/spring.factories]: [org.springframework.boot.test.mock.mockito.MockitoTestExecutionListener, org.springframework.boot.test.mock.mockito.ResetMocksTestExecutionListener, org.springframework.boot.test.autoconfigure.restdocs.RestDocsTestExecutionListener, org.springframework.boot.test.autoconfigure.web.client.MockRestServiceServerResetTestExecutionListener, org.springframework.boot.test.autoconfigure.web.servlet.MockMvcPrintOnlyOnFailureTestExecutionListener, org.springframework.boot.test.autoconfigure.web.servlet.WebDriverTestExecutionListener, org.springframework.test.context.web.ServletTestExecutionListener, org.springframework.test.context.support.DirtiesContextBeforeModesTestExecutionListener, org.springframework.test.context.support.DependencyInjectionTestExecutionListener, org.springframework.test.context.support.DirtiesContextTestExecutionListener, org.springframework.test.context.transaction.TransactionalTestExecutionListener, org.springframework.test.context.jdbc.SqlScriptsTestExecutionListener]
23:26:48.527 [main] INFO org.springframework.boot.test.context.SpringBootTestContextBootstrapper - Using TestExecutionListeners: [org.springframework.test.context.web.ServletTestExecutionListener@206a70ef, org.springframework.test.context.support.DirtiesContextBeforeModesTestExecutionListener@292b08d6, org.springframework.boot.test.mock.mockito.MockitoTestExecutionListener@22555ebf, org.springframework.boot.test.autoconfigure.SpringBootDependencyInjectionTestExecutionListener@36ebc363, org.springframework.test.context.support.DirtiesContextTestExecutionListener@45752059, org.springframework.test.context.transaction.TransactionalTestExecutionListener@34e9fd99, org.springframework.test.context.jdbc.SqlScriptsTestExecutionListener@3c41ed1d, org.springframework.boot.test.mock.mockito.ResetMocksTestExecutionListener@54d9d12d, org.springframework.boot.test.autoconfigure.restdocs.RestDocsTestExecutionListener@38425407, org.springframework.boot.test.autoconfigure.web.client.MockRestServiceServerResetTestExecutionListener@43bc63a3, org.springframework.boot.test.autoconfigure.web.servlet.MockMvcPrintOnlyOnFailureTestExecutionListener@702657cc, org.springframework.boot.test.autoconfigure.web.servlet.WebDriverTestExecutionListener@6a6cb05c]
23:26:48.533 [main] DEBUG org.springframework.test.annotation.ProfileValueUtils - Retrieved @ProfileValueSourceConfiguration [null] for test class [com.xxl.mapper.UserMapperTest]
23:26:48.534 [main] DEBUG org.springframework.test.annotation.ProfileValueUtils - Retrieved ProfileValueSource type [class org.springframework.test.annotation.SystemProfileValueSource] for class [com.xxl.mapper.UserMapperTest]
23:26:48.538 [main] DEBUG org.springframework.test.annotation.ProfileValueUtils - Retrieved @ProfileValueSourceConfiguration [null] for test class [com.xxl.mapper.UserMapperTest]
23:26:48.538 [main] DEBUG org.springframework.test.annotation.ProfileValueUtils - Retrieved ProfileValueSource type [class org.springframework.test.annotation.SystemProfileValueSource] for class [com.xxl.mapper.UserMapperTest]
23:26:48.542 [main] DEBUG org.springframework.test.annotation.ProfileValueUtils - Retrieved @ProfileValueSourceConfiguration [null] for test class [com.xxl.mapper.UserMapperTest]
23:26:48.542 [main] DEBUG org.springframework.test.annotation.ProfileValueUtils - Retrieved ProfileValueSource type [class org.springframework.test.annotation.SystemProfileValueSource] for class [com.xxl.mapper.UserMapperTest]
23:26:48.549 [main] DEBUG org.springframework.test.context.support.AbstractDirtiesContextTestExecutionListener - Before test class: context [DefaultTestContext@477b4cdf testClass = UserMapperTest, testInstance = [null], testMethod = [null], testException = [null], mergedContextConfiguration = [WebMergedContextConfiguration@77c2494c testClass = UserMapperTest, locations = '{}', classes = '{class com.xxl.BootDemo}', contextInitializerClasses = '[]', activeProfiles = '{}', propertySourceLocations = '{}', propertySourceProperties = '{org.springframework.boot.test.context.SpringBootTestContextBootstrapper=true}', contextCustomizers = set[org.springframework.boot.test.context.filter.ExcludeFilterContextCustomizer@1d371b2d, org.springframework.boot.test.json.DuplicateJsonObjectContextCustomizerFactory$DuplicateJsonObjectContextCustomizer@51c8530f, org.springframework.boot.test.mock.mockito.MockitoContextCustomizer@0, org.springframework.boot.test.web.client.TestRestTemplateContextCustomizer@704d6e83, org.springframework.boot.test.autoconfigure.properties.PropertyMappingContextCustomizer@0, org.springframework.boot.test.autoconfigure.web.servlet.WebDriverContextCustomizerFactory$Customizer@24a35978], resourceBasePath = 'src/main/webapp', contextLoader = 'org.springframework.boot.test.context.SpringBootContextLoader', parent = [null]], attributes = map['org.springframework.test.context.web.ServletTestExecutionListener.activateListener' -> true]], class annotated with @DirtiesContext [false] with mode [null].
23:26:48.549 [main] DEBUG org.springframework.test.annotation.ProfileValueUtils - Retrieved @ProfileValueSourceConfiguration [null] for test class [com.xxl.mapper.UserMapperTest]
23:26:48.557 [main] DEBUG org.springframework.test.annotation.ProfileValueUtils - Retrieved ProfileValueSource type [class org.springframework.test.annotation.SystemProfileValueSource] for class [com.xxl.mapper.UserMapperTest]
23:26:48.592 [main] DEBUG org.springframework.core.env.StandardEnvironment - Adding PropertySource 'systemProperties' with lowest search precedence
23:26:48.593 [main] DEBUG org.springframework.core.env.StandardEnvironment - Adding PropertySource 'systemEnvironment' with lowest search precedence
23:26:48.594 [main] DEBUG org.springframework.core.env.StandardEnvironment - Initialized StandardEnvironment with PropertySources [MapPropertySource@1725008249 {name='systemProperties', properties={java.runtime.name=Java(TM) SE Runtime Environment, sun.boot.library.path=/Library/Java/JavaVirtualMachines/jdk1.8.0_202.jdk/Contents/Home/jre/lib, java.vm.version=25.202-b08, gopherProxySet=false, java.vm.vendor=Oracle Corporation, java.vendor.url=http://java.oracle.com/, path.separator=:, java.vm.name=Java HotSpot(TM) 64-Bit Server VM, file.encoding.pkg=sun.io, user.country=CN, sun.java.launcher=SUN_STANDARD, sun.os.patch.level=unknown, java.vm.specification.name=Java Virtual Machine Specification, user.dir=/Users/xl/longRoad/vue项目/loginJava/spring_demo1209, java.runtime.version=1.8.0_202-b08, basedir=/Users/xl/longRoad/vue项目/loginJava/spring_demo1209, java.awt.graphicsenv=sun.awt.CGraphicsEnvironment, java.endorsed.dirs=/Library/Java/JavaVirtualMachines/jdk1.8.0_202.jdk/Contents/Home/jre/lib/endorsed, os.arch=x86_64, surefire.real.class.path=/Users/xl/longRoad/vue项目/loginJava/spring_demo1209/target/surefire/surefirebooter1724830505076743615.jar, java.io.tmpdir=/var/folders/4x/fhjh60ln07b83571s9k7t9km0000gn/T/, line.separator=
, java.vm.specification.vendor=Oracle Corporation, os.name=Mac OS X, sun.jnu.encoding=UTF-8, java.library.path=/Users/xl/Library/Java/Extensions:/Library/Java/Extensions:/Network/Library/Java/Extensions:/System/Library/Java/Extensions:/usr/lib/java:., surefire.test.class.path=/Users/xl/longRoad/vue项目/loginJava/spring_demo1209/target/test-classes:/Users/xl/longRoad/vue项目/loginJava/spring_demo1209/target/classes:/usr/local/apache-maven-3.6.2/repository/org/springframework/boot/spring-boot-starter-web/2.0.4.RELEASE/spring-boot-starter-web-2.0.4.RELEASE.jar:/usr/local/apache-maven-3.6.2/repository/org/springframework/boot/spring-boot-starter/2.0.4.RELEASE/spring-boot-starter-2.0.4.RELEASE.jar:/usr/local/apache-maven-3.6.2/repository/org/springframework/boot/spring-boot/2.0.4.RELEASE/spring-boot-2.0.4.RELEASE.jar:/usr/local/apache-maven-3.6.2/repository/org/springframework/boot/spring-boot-autoconfigure/2.0.4.RELEASE/spring-boot-autoconfigure-2.0.4.RELEASE.jar:/usr/local/apache-maven-3.6.2/repository/org/springframework/boot/spring-boot-starter-logging/2.0.4.RELEASE/spring-boot-starter-logging-2.0.4.RELEASE.jar:/usr/local/apache-maven-3.6.2/repository/ch/qos/logback/logback-classic/1.2.3/logback-classic-1.2.3.jar:/usr/local/apache-maven-3.6.2/repository/ch/qos/logback/logback-core/1.2.3/logback-core-1.2.3.jar:/usr/local/apache-maven-3.6.2/repository/org/apache/logging/log4j/log4j-to-slf4j/2.10.0/log4j-to-slf4j-2.10.0.jar:/usr/local/apache-maven-3.6.2/repository/org/apache/logging/log4j/log4j-api/2.10.0/log4j-api-2.10.0.jar:/usr/local/apache-maven-3.6.2/repository/org/slf4j/jul-to-slf4j/1.7.25/jul-to-slf4j-1.7.25.jar:/usr/local/apache-maven-3.6.2/repository/javax/annotation/javax.annotation-api/1.3.2/javax.annotation-api-1.3.2.jar:/usr/local/apache-maven-3.6.2/repository/org/yaml/snakeyaml/1.19/snakeyaml-1.19.jar:/usr/local/apache-maven-3.6.2/repository/org/springframework/boot/spring-boot-starter-json/2.0.4.RELEASE/spring-boot-starter-json-2.0.4.RELEASE.jar:/usr/local/apache-maven-3.6.2/repository/com/fasterxml/jackson/core/jackson-databind/2.9.6/jackson-databind-2.9.6.jar:/usr/local/apache-maven-3.6.2/repository/com/fasterxml/jackson/core/jackson-annotations/2.9.0/jackson-annotations-2.9.0.jar:/usr/local/apache-maven-3.6.2/repository/com/fasterxml/jackson/core/jackson-core/2.9.6/jackson-core-2.9.6.jar:/usr/local/apache-maven-3.6.2/repository/com/fasterxml/jackson/datatype/jackson-datatype-jdk8/2.9.6/jackson-datatype-jdk8-2.9.6.jar:/usr/local/apache-maven-3.6.2/repository/com/fasterxml/jackson/datatype/jackson-datatype-jsr310/2.9.6/jackson-datatype-jsr310-2.9.6.jar:/usr/local/apache-maven-3.6.2/repository/com/fasterxml/jackson/module/jackson-module-parameter-names/2.9.6/jackson-module-parameter-names-2.9.6.jar:/usr/local/apache-maven-3.6.2/repository/org/springframework/boot/spring-boot-starter-tomcat/2.0.4.RELEASE/spring-boot-starter-tomcat-2.0.4.RELEASE.jar:/usr/local/apache-maven-3.6.2/repository/org/apache/tomcat/embed/tomcat-embed-core/8.5.32/tomcat-embed-core-8.5.32.jar:/usr/local/apache-maven-3.6.2/repository/org/apache/tomcat/embed/tomcat-embed-el/8.5.32/tomcat-embed-el-8.5.32.jar:/usr/local/apache-maven-3.6.2/repository/org/apache/tomcat/embed/tomcat-embed-websocket/8.5.32/tomcat-embed-websocket-8.5.32.jar:/usr/local/apache-maven-3.6.2/repository/org/hibernate/validator/hibernate-validator/6.0.11.Final/hibernate-validator-6.0.11.Final.jar:/usr/local/apache-maven-3.6.2/repository/javax/validation/validation-api/2.0.1.Final/validation-api-2.0.1.Final.jar:/usr/local/apache-maven-3.6.2/repository/org/jboss/logging/jboss-logging/3.3.2.Final/jboss-logging-3.3.2.Final.jar:/usr/local/apache-maven-3.6.2/repository/com/fasterxml/classmate/1.3.4/classmate-1.3.4.jar:/usr/local/apache-maven-3.6.2/repository/org/springframework/spring-web/5.0.8.RELEASE/spring-web-5.0.8.RELEASE.jar:/usr/local/apache-maven-3.6.2/repository/org/springframework/spring-beans/5.0.8.RELEASE/spring-beans-5.0.8.RELEASE.jar:/usr/local/apache-maven-3.6.2/repository/org/springframework/spring-webmvc/5.0.8.RELEASE/spring-webmvc-5.0.8.RELEASE.jar:/usr/local/apache-maven-3.6.2/repository/org/springframework/spring-aop/5.0.8.RELEASE/spring-aop-5.0.8.RELEASE.jar:/usr/local/apache-maven-3.6.2/repository/org/springframework/spring-context/5.0.8.RELEASE/spring-context-5.0.8.RELEASE.jar:/usr/local/apache-maven-3.6.2/repository/org/springframework/spring-expression/5.0.8.RELEASE/spring-expression-5.0.8.RELEASE.jar:/usr/local/apache-maven-3.6.2/repository/org/projectlombok/lombok/1.18.8/lombok-1.18.8.jar:/usr/local/apache-maven-3.6.2/repository/mysql/mysql-connector-java/5.1.46/mysql-connector-java-5.1.46.jar:/usr/local/apache-maven-3.6.2/repository/tk/mybatis/mapper-spring-boot-starter/2.0.3/mapper-spring-boot-starter-2.0.3.jar:/usr/local/apache-maven-3.6.2/repository/org/springframework/boot/spring-boot-starter-jdbc/2.0.4.RELEASE/spring-boot-starter-jdbc-2.0.4.RELEASE.jar:/usr/local/apache-maven-3.6.2/repository/com/zaxxer/HikariCP/2.7.9/HikariCP-2.7.9.jar:/usr/local/apache-maven-3.6.2/repository/org/springframework/spring-jdbc/5.0.8.RELEASE/spring-jdbc-5.0.8.RELEASE.jar:/usr/local/apache-maven-3.6.2/repository/org/springframework/spring-tx/5.0.8.RELEASE/spring-tx-5.0.8.RELEASE.jar:/usr/local/apache-maven-3.6.2/repository/org/mybatis/mybatis/3.4.6/mybatis-3.4.6.jar:/usr/local/apache-maven-3.6.2/repository/org/mybatis/mybatis-spring/1.3.2/mybatis-spring-1.3.2.jar:/usr/local/apache-maven-3.6.2/repository/tk/mybatis/mapper-core/1.0.4/mapper-core-1.0.4.jar:/usr/local/apache-maven-3.6.2/repository/javax/persistence/persistence-api/1.0/persistence-api-1.0.jar:/usr/local/apache-maven-3.6.2/repository/tk/mybatis/mapper-base/1.0.4/mapper-base-1.0.4.jar:/usr/local/apache-maven-3.6.2/repository/tk/mybatis/mapper-weekend/1.1.3/mapper-weekend-1.1.3.jar:/usr/local/apache-maven-3.6.2/repository/tk/mybatis/mapper-spring/1.0.4/mapper-spring-1.0.4.jar:/usr/local/apache-maven-3.6.2/repository/tk/mybatis/mapper-extra/1.0.4/mapper-extra-1.0.4.jar:/usr/local/apache-maven-3.6.2/repository/tk/mybatis/mapper-spring-boot-autoconfigure/2.0.3/mapper-spring-boot-autoconfigure-2.0.3.jar:/usr/local/apache-maven-3.6.2/repository/org/springframework/boot/spring-boot-starter-test/2.0.4.RELEASE/spring-boot-starter-test-2.0.4.RELEASE.jar:/usr/local/apache-maven-3.6.2/repository/org/springframework/boot/spring-boot-test/2.0.4.RELEASE/spring-boot-test-2.0.4.RELEASE.jar:/usr/local/apache-maven-3.6.2/repository/org/springframework/boot/spring-boot-test-autoconfigure/2.0.4.RELEASE/spring-boot-test-autoconfigure-2.0.4.RELEASE.jar:/usr/local/apache-maven-3.6.2/repository/com/jayway/jsonpath/json-path/2.4.0/json-path-2.4.0.jar:/usr/local/apache-maven-3.6.2/repository/net/minidev/json-smart/2.3/json-smart-2.3.jar:/usr/local/apache-maven-3.6.2/repository/net/minidev/accessors-smart/1.2/accessors-smart-1.2.jar:/usr/local/apache-maven-3.6.2/repository/org/ow2/asm/asm/5.0.4/asm-5.0.4.jar:/usr/local/apache-maven-3.6.2/repository/org/slf4j/slf4j-api/1.7.25/slf4j-api-1.7.25.jar:/usr/local/apache-maven-3.6.2/repository/junit/junit/4.12/junit-4.12.jar:/usr/local/apache-maven-3.6.2/repository/org/assertj/assertj-core/3.9.1/assertj-core-3.9.1.jar:/usr/local/apache-maven-3.6.2/repository/org/mockito/mockito-core/2.15.0/mockito-core-2.15.0.jar:/usr/local/apache-maven-3.6.2/repository/net/bytebuddy/byte-buddy/1.7.11/byte-buddy-1.7.11.jar:/usr/local/apache-maven-3.6.2/repository/net/bytebuddy/byte-buddy-agent/1.7.11/byte-buddy-agent-1.7.11.jar:/usr/local/apache-maven-3.6.2/repository/org/objenesis/objenesis/2.6/objenesis-2.6.jar:/usr/local/apache-maven-3.6.2/repository/org/hamcrest/hamcrest-core/1.3/hamcrest-core-1.3.jar:/usr/local/apache-maven-3.6.2/repository/org/hamcrest/hamcrest-library/1.3/hamcrest-library-1.3.jar:/usr/local/apache-maven-3.6.2/repository/org/skyscreamer/jsonassert/1.5.0/jsonassert-1.5.0.jar:/usr/local/apache-maven-3.6.2/repository/com/vaadin/external/google/android-json/0.0.20131108.vaadin1/android-json-0.0.20131108.vaadin1.jar:/usr/local/apache-maven-3.6.2/repository/org/springframework/spring-core/5.0.8.RELEASE/spring-core-5.0.8.RELEASE.jar:/usr/local/apache-maven-3.6.2/repository/org/springframework/spring-jcl/5.0.8.RELEASE/spring-jcl-5.0.8.RELEASE.jar:/usr/local/apache-maven-3.6.2/repository/org/springframework/spring-test/5.0.8.RELEASE/spring-test-5.0.8.RELEASE.jar:/usr/local/apache-maven-3.6.2/repository/org/xmlunit/xmlunit-core/2.5.1/xmlunit-core-2.5.1.jar:, java.specification.name=Java Platform API Specification, java.class.version=52.0, sun.management.compiler=HotSpot 64-Bit Tiered Compilers, maven.repo.local=/usr/local/apache-maven-3.6.2/repository, os.version=10.13.4, user.home=/Users/xl, user.timezone=Asia/Shanghai, java.awt.printerjob=sun.lwawt.macosx.CPrinterJob, file.encoding=UTF-8, java.specification.version=1.8, idea.version2019.2.4=true, java.class.path=/Users/xl/longRoad/vue项目/loginJava/spring_demo1209/target/test-classes:/Users/xl/longRoad/vue项目/loginJava/spring_demo1209/target/classes:/usr/local/apache-maven-3.6.2/repository/org/springframework/boot/spring-boot-starter-web/2.0.4.RELEASE/spring-boot-starter-web-2.0.4.RELEASE.jar:/usr/local/apache-maven-3.6.2/repository/org/springframework/boot/spring-boot-starter/2.0.4.RELEASE/spring-boot-starter-2.0.4.RELEASE.jar:/usr/local/apache-maven-3.6.2/repository/org/springframework/boot/spring-boot/2.0.4.RELEASE/spring-boot-2.0.4.RELEASE.jar:/usr/local/apache-maven-3.6.2/repository/org/springframework/boot/spring-boot-autoconfigure/2.0.4.RELEASE/spring-boot-autoconfigure-2.0.4.RELEASE.jar:/usr/local/apache-maven-3.6.2/repository/org/springframework/boot/spring-boot-starter-logging/2.0.4.RELEASE/spring-boot-starter-logging-2.0.4.RELEASE.jar:/usr/local/apache-maven-3.6.2/repository/ch/qos/logback/logback-classic/1.2.3/logback-classic-1.2.3.jar:/usr/local/apache-maven-3.6.2/repository/ch/qos/logback/logback-core/1.2.3/logback-core-1.2.3.jar:/usr/local/apache-maven-3.6.2/repository/org/apache/logging/log4j/log4j-to-slf4j/2.10.0/log4j-to-slf4j-2.10.0.jar:/usr/local/apache-maven-3.6.2/repository/org/apache/logging/log4j/log4j-api/2.10.0/log4j-api-2.10.0.jar:/usr/local/apache-maven-3.6.2/repository/org/slf4j/jul-to-slf4j/1.7.25/jul-to-slf4j-1.7.25.jar:/usr/local/apache-maven-3.6.2/repository/javax/annotation/javax.annotation-api/1.3.2/javax.annotation-api-1.3.2.jar:/usr/local/apache-maven-3.6.2/repository/org/yaml/snakeyaml/1.19/snakeyaml-1.19.jar:/usr/local/apache-maven-3.6.2/repository/org/springframework/boot/spring-boot-starter-json/2.0.4.RELEASE/spring-boot-starter-json-2.0.4.RELEASE.jar:/usr/local/apache-maven-3.6.2/repository/com/fasterxml/jackson/core/jackson-databind/2.9.6/jackson-databind-2.9.6.jar:/usr/local/apache-maven-3.6.2/repository/com/fasterxml/jackson/core/jackson-annotations/2.9.0/jackson-annotations-2.9.0.jar:/usr/local/apache-maven-3.6.2/repository/com/fasterxml/jackson/core/jackson-core/2.9.6/jackson-core-2.9.6.jar:/usr/local/apache-maven-3.6.2/repository/com/fasterxml/jackson/datatype/jackson-datatype-jdk8/2.9.6/jackson-datatype-jdk8-2.9.6.jar:/usr/local/apache-maven-3.6.2/repository/com/fasterxml/jackson/datatype/jackson-datatype-jsr310/2.9.6/jackson-datatype-jsr310-2.9.6.jar:/usr/local/apache-maven-3.6.2/repository/com/fasterxml/jackson/module/jackson-module-parameter-names/2.9.6/jackson-module-parameter-names-2.9.6.jar:/usr/local/apache-maven-3.6.2/repository/org/springframework/boot/spring-boot-starter-tomcat/2.0.4.RELEASE/spring-boot-starter-tomcat-2.0.4.RELEASE.jar:/usr/local/apache-maven-3.6.2/repository/org/apache/tomcat/embed/tomcat-embed-core/8.5.32/tomcat-embed-core-8.5.32.jar:/usr/local/apache-maven-3.6.2/repository/org/apache/tomcat/embed/tomcat-embed-el/8.5.32/tomcat-embed-el-8.5.32.jar:/usr/local/apache-maven-3.6.2/repository/org/apache/tomcat/embed/tomcat-embed-websocket/8.5.32/tomcat-embed-websocket-8.5.32.jar:/usr/local/apache-maven-3.6.2/repository/org/hibernate/validator/hibernate-validator/6.0.11.Final/hibernate-validator-6.0.11.Final.jar:/usr/local/apache-maven-3.6.2/repository/javax/validation/validation-api/2.0.1.Final/validation-api-2.0.1.Final.jar:/usr/local/apache-maven-3.6.2/repository/org/jboss/logging/jboss-logging/3.3.2.Final/jboss-logging-3.3.2.Final.jar:/usr/local/apache-maven-3.6.2/repository/com/fasterxml/classmate/1.3.4/classmate-1.3.4.jar:/usr/local/apache-maven-3.6.2/repository/org/springframework/spring-web/5.0.8.RELEASE/spring-web-5.0.8.RELEASE.jar:/usr/local/apache-maven-3.6.2/repository/org/springframework/spring-beans/5.0.8.RELEASE/spring-beans-5.0.8.RELEASE.jar:/usr/local/apache-maven-3.6.2/repository/org/springframework/spring-webmvc/5.0.8.RELEASE/spring-webmvc-5.0.8.RELEASE.jar:/usr/local/apache-maven-3.6.2/repository/org/springframework/spring-aop/5.0.8.RELEASE/spring-aop-5.0.8.RELEASE.jar:/usr/local/apache-maven-3.6.2/repository/org/springframework/spring-context/5.0.8.RELEASE/spring-context-5.0.8.RELEASE.jar:/usr/local/apache-maven-3.6.2/repository/org/springframework/spring-expression/5.0.8.RELEASE/spring-expression-5.0.8.RELEASE.jar:/usr/local/apache-maven-3.6.2/repository/org/projectlombok/lombok/1.18.8/lombok-1.18.8.jar:/usr/local/apache-maven-3.6.2/repository/mysql/mysql-connector-java/5.1.46/mysql-connector-java-5.1.46.jar:/usr/local/apache-maven-3.6.2/repository/tk/mybatis/mapper-spring-boot-starter/2.0.3/mapper-spring-boot-starter-2.0.3.jar:/usr/local/apache-maven-3.6.2/repository/org/springframework/boot/spring-boot-starter-jdbc/2.0.4.RELEASE/spring-boot-starter-jdbc-2.0.4.RELEASE.jar:/usr/local/apache-maven-3.6.2/repository/com/zaxxer/HikariCP/2.7.9/HikariCP-2.7.9.jar:/usr/local/apache-maven-3.6.2/repository/org/springframework/spring-jdbc/5.0.8.RELEASE/spring-jdbc-5.0.8.RELEASE.jar:/usr/local/apache-maven-3.6.2/repository/org/springframework/spring-tx/5.0.8.RELEASE/spring-tx-5.0.8.RELEASE.jar:/usr/local/apache-maven-3.6.2/repository/org/mybatis/mybatis/3.4.6/mybatis-3.4.6.jar:/usr/local/apache-maven-3.6.2/repository/org/mybatis/mybatis-spring/1.3.2/mybatis-spring-1.3.2.jar:/usr/local/apache-maven-3.6.2/repository/tk/mybatis/mapper-core/1.0.4/mapper-core-1.0.4.jar:/usr/local/apache-maven-3.6.2/repository/javax/persistence/persistence-api/1.0/persistence-api-1.0.jar:/usr/local/apache-maven-3.6.2/repository/tk/mybatis/mapper-base/1.0.4/mapper-base-1.0.4.jar:/usr/local/apache-maven-3.6.2/repository/tk/mybatis/mapper-weekend/1.1.3/mapper-weekend-1.1.3.jar:/usr/local/apache-maven-3.6.2/repository/tk/mybatis/mapper-spring/1.0.4/mapper-spring-1.0.4.jar:/usr/local/apache-maven-3.6.2/repository/tk/mybatis/mapper-extra/1.0.4/mapper-extra-1.0.4.jar:/usr/local/apache-maven-3.6.2/repository/tk/mybatis/mapper-spring-boot-autoconfigure/2.0.3/mapper-spring-boot-autoconfigure-2.0.3.jar:/usr/local/apache-maven-3.6.2/repository/org/springframework/boot/spring-boot-starter-test/2.0.4.RELEASE/spring-boot-starter-test-2.0.4.RELEASE.jar:/usr/local/apache-maven-3.6.2/repository/org/springframework/boot/spring-boot-test/2.0.4.RELEASE/spring-boot-test-2.0.4.RELEASE.jar:/usr/local/apache-maven-3.6.2/repository/org/springframework/boot/spring-boot-test-autoconfigure/2.0.4.RELEASE/spring-boot-test-autoconfigure-2.0.4.RELEASE.jar:/usr/local/apache-maven-3.6.2/repository/com/jayway/jsonpath/json-path/2.4.0/json-path-2.4.0.jar:/usr/local/apache-maven-3.6.2/repository/net/minidev/json-smart/2.3/json-smart-2.3.jar:/usr/local/apache-maven-3.6.2/repository/net/minidev/accessors-smart/1.2/accessors-smart-1.2.jar:/usr/local/apache-maven-3.6.2/repository/org/ow2/asm/asm/5.0.4/asm-5.0.4.jar:/usr/local/apache-maven-3.6.2/repository/org/slf4j/slf4j-api/1.7.25/slf4j-api-1.7.25.jar:/usr/local/apache-maven-3.6.2/repository/junit/junit/4.12/junit-4.12.jar:/usr/local/apache-maven-3.6.2/repository/org/assertj/assertj-core/3.9.1/assertj-core-3.9.1.jar:/usr/local/apache-maven-3.6.2/repository/org/mockito/mockito-core/2.15.0/mockito-core-2.15.0.jar:/usr/local/apache-maven-3.6.2/repository/net/bytebuddy/byte-buddy/1.7.11/byte-buddy-1.7.11.jar:/usr/local/apache-maven-3.6.2/repository/net/bytebuddy/byte-buddy-agent/1.7.11/byte-buddy-agent-1.7.11.jar:/usr/local/apache-maven-3.6.2/repository/org/objenesis/objenesis/2.6/objenesis-2.6.jar:/usr/local/apache-maven-3.6.2/repository/org/hamcrest/hamcrest-core/1.3/hamcrest-core-1.3.jar:/usr/local/apache-maven-3.6.2/repository/org/hamcrest/hamcrest-library/1.3/hamcrest-library-1.3.jar:/usr/local/apache-maven-3.6.2/repository/org/skyscreamer/jsonassert/1.5.0/jsonassert-1.5.0.jar:/usr/local/apache-maven-3.6.2/repository/com/vaadin/external/google/android-json/0.0.20131108.vaadin1/android-json-0.0.20131108.vaadin1.jar:/usr/local/apache-maven-3.6.2/repository/org/springframework/spring-core/5.0.8.RELEASE/spring-core-5.0.8.RELEASE.jar:/usr/local/apache-maven-3.6.2/repository/org/springframework/spring-jcl/5.0.8.RELEASE/spring-jcl-5.0.8.RELEASE.jar:/usr/local/apache-maven-3.6.2/repository/org/springframework/spring-test/5.0.8.RELEASE/spring-test-5.0.8.RELEASE.jar:/usr/local/apache-maven-3.6.2/repository/org/xmlunit/xmlunit-core/2.5.1/xmlunit-core-2.5.1.jar:, user.name=xl, java.vm.specification.version=1.8, sun.java.command=/Users/xl/longRoad/vue项目/loginJava/spring_demo1209/target/surefire/surefirebooter1724830505076743615.jar /Users/xl/longRoad/vue项目/loginJava/spring_demo1209/target/surefire 2019-12-09T23-26-44_669-jvmRun1 surefire7930893037069887875tmp surefire_07668928869288384105tmp, java.home=/Library/Java/JavaVirtualMachines/jdk1.8.0_202.jdk/Contents/Home/jre, sun.arch.data.model=64, user.language=zh, java.specification.vendor=Oracle Corporation, awt.toolkit=sun.lwawt.macosx.LWCToolkit, java.vm.info=mixed mode, java.version=1.8.0_202, java.ext.dirs=/Users/xl/Library/Java/Extensions:/Library/Java/JavaVirtualMachines/jdk1.8.0_202.jdk/Contents/Home/jre/lib/ext:/Library/Java/Extensions:/Network/Library/Java/Extensions:/System/Library/Java/Extensions:/usr/lib/java, sun.boot.class.path=/Library/Java/JavaVirtualMachines/jdk1.8.0_202.jdk/Contents/Home/jre/lib/resources.jar:/Library/Java/JavaVirtualMachines/jdk1.8.0_202.jdk/Contents/Home/jre/lib/rt.jar:/Library/Java/JavaVirtualMachines/jdk1.8.0_202.jdk/Contents/Home/jre/lib/sunrsasign.jar:/Library/Java/JavaVirtualMachines/jdk1.8.0_202.jdk/Contents/Home/jre/lib/jsse.jar:/Library/Java/JavaVirtualMachines/jdk1.8.0_202.jdk/Contents/Home/jre/lib/jce.jar:/Library/Java/JavaVirtualMachines/jdk1.8.0_202.jdk/Contents/Home/jre/lib/charsets.jar:/Library/Java/JavaVirtualMachines/jdk1.8.0_202.jdk/Contents/Home/jre/lib/jfr.jar:/Library/Java/JavaVirtualMachines/jdk1.8.0_202.jdk/Contents/Home/jre/classes, java.vendor=Oracle Corporation, localRepository=/usr/local/apache-maven-3.6.2/repository, file.separator=/, java.vendor.url.bug=http://bugreport.sun.com/bugreport/, sun.io.unicode.encoding=UnicodeBig, sun.cpu.endian=little, sun.cpu.isalist=}}, SystemEnvironmentPropertySource@197964393 {name='systemEnvironment', properties={JAVA_MAIN_CLASS_9401=org.apache.maven.surefire.booter.ForkedBooter, PATH=/usr/local/bin:/usr/bin:/bin:/usr/sbin:/sbin:/usr/local/mysql/bin, SHELL=/bin/zsh, JAVA_MAIN_CLASS_9398=org.codehaus.classworlds.Launcher, PAGER=less, LSCOLORS=Gxfxcxdxbxegedabagacad, OLDPWD=/Users/xl/longRoad/vue项目/loginJava/spring_demo1209, USER=xl, ZSH=/Users/xl/.oh-my-zsh, TMPDIR=/var/folders/4x/fhjh60ln07b83571s9k7t9km0000gn/T/, SSH_AUTH_SOCK=/private/tmp/com.apple.launchd.CAGc12zP3z/Listeners, XPC_FLAGS=0x0, __CF_USER_TEXT_ENCODING=0x1F5:0x19:0x34, Apple_PubSub_Socket_Render=/private/tmp/com.apple.launchd.0lt3WWXKYw/Render, LOGNAME=xl, LESS=-R, LC_CTYPE=zh_CN.UTF-8, XPC_SERVICE_NAME=0, PWD=/Users/xl/longRoad/vue项目/loginJava/spring_demo1209, HOME=/Users/xl, SHLVL=1, _=/Library/Java/JavaVirtualMachines/jdk1.8.0_202.jdk/Contents/Home/jre/bin/java}}]
23:26:48.601 [main] DEBUG org.springframework.test.context.support.TestPropertySourceUtils - Adding inlined properties to environment: {spring.jmx.enabled=false, org.springframework.boot.test.context.SpringBootTestContextBootstrapper=true, server.port=-1}
23:26:48.602 [main] DEBUG org.springframework.core.env.StandardEnvironment - Adding PropertySource 'Inlined Test Properties' with highest search precedence

  .   ____          _            __ _ _
 /\\ / ___'_ __ _ _(_)_ __  __ _ \ \ \ \
( ( )\___ | '_ | '_| | '_ \/ _` | \ \ \ \
 \\/  ___)| |_)| | | | | || (_| |  ) ) ) )
  '  |____| .__|_| |_|_| |_\__, | / / / /
 =========|_|==============|___/=/_/_/_/
 :: Spring Boot ::        (v2.0.4.RELEASE)

2019-12-09 23:26:49.181  INFO 9401 --- [           main] com.xxl.mapper.UserMapperTest            : Starting UserMapperTest on xulingdeMacBook-Pro.local with PID 9401 (started by xl in /Users/xl/longRoad/vue项目/loginJava/spring_demo1209)
2019-12-09 23:26:49.187 DEBUG 9401 --- [           main] com.xxl.mapper.UserMapperTest            : Running with Spring Boot v2.0.4.RELEASE, Spring v5.0.8.RELEASE
2019-12-09 23:26:49.198  INFO 9401 --- [           main] com.xxl.mapper.UserMapperTest            : No active profile set, falling back to default profiles: default
2019-12-09 23:26:49.268  INFO 9401 --- [           main] o.s.w.c.s.GenericWebApplicationContext   : Refreshing org.springframework.web.context.support.GenericWebApplicationContext@68878f6d: startup date [Mon Dec 09 23:26:49 CST 2019]; root of context hierarchy
2019-12-09 23:26:50.417  WARN 9401 --- [           main] t.m.s.mapper.ClassPathMapperScanner      : No MyBatis mapper was found in '[com.xxl]' package. Please check your configuration.
2019-12-09 23:26:50.990  WARN 9401 --- [           main] o.s.w.c.s.GenericWebApplicationContext   : Exception encountered during context initialization - cancelling refresh attempt: org.springframework.beans.factory.UnsatisfiedDependencyException: Error creating bean with name 'userMapper' defined in file [/Users/xl/longRoad/vue项目/loginJava/spring_demo1209/target/classes/com/xxl/mapper/UserMapper.class]: Unsatisfied dependency expressed through bean property 'sqlSessionFactory'; nested exception is org.springframework.beans.factory.UnsatisfiedDependencyException: Error creating bean with name 'tk.mybatis.mapper.autoconfigure.MapperAutoConfiguration': Unsatisfied dependency expressed through constructor parameter 0; nested exception is org.springframework.boot.context.properties.ConfigurationPropertiesBindException: Error creating bean with name 'mybatis-tk.mybatis.mapper.autoconfigure.MybatisProperties': Could not bind properties to 'MybatisProperties' : prefix=mybatis, ignoreInvalidFields=false, ignoreUnknownFields=true; nested exception is org.springframework.boot.context.properties.bind.BindException: Failed to bind properties under 'mybatis.configuration' to org.apache.ibatis.session.Configuration
2019-12-09 23:26:51.002  INFO 9401 --- [           main] ConditionEvaluationReportLoggingListener : 

Error starting ApplicationContext. To display the conditions report re-run your application with 'debug' enabled.
2019-12-09 23:26:51.005 ERROR 9401 --- [           main] o.s.b.d.LoggingFailureAnalysisReporter   : 

***************************
APPLICATION FAILED TO START
***************************

Description:

Failed to bind properties under 'mybatis.configuration' to org.apache.ibatis.session.Configuration:

    Property: mybatis.configuration
    Value: 
    Origin: class path resource [application.yaml]:18:17
    Reason: No converter found capable of converting from type [java.lang.String] to type [@org.springframework.boot.context.properties.NestedConfigurationProperty org.apache.ibatis.session.Configuration]

Action:

Update your application's configuration

2019-12-09 23:26:51.019 ERROR 9401 --- [           main] o.s.test.context.TestContextManager      : Caught exception while allowing TestExecutionListener [org.springframework.test.context.web.ServletTestExecutionListener@206a70ef] to prepare test instance [com.xxl.mapper.UserMapperTest@11a82d0f]

java.lang.IllegalStateException: Failed to load ApplicationContext
	at org.springframework.test.context.cache.DefaultCacheAwareContextLoaderDelegate.loadContext(DefaultCacheAwareContextLoaderDelegate.java:125) ~[spring-test-5.0.8.RELEASE.jar:5.0.8.RELEASE]
	at org.springframework.test.context.support.DefaultTestContext.getApplicationContext(DefaultTestContext.java:108) ~[spring-test-5.0.8.RELEASE.jar:5.0.8.RELEASE]
	at org.springframework.test.context.web.ServletTestExecutionListener.setUpRequestContextIfNecessary(ServletTestExecutionListener.java:190) ~[spring-test-5.0.8.RELEASE.jar:5.0.8.RELEASE]
	at org.springframework.test.context.web.ServletTestExecutionListener.prepareTestInstance(ServletTestExecutionListener.java:132) ~[spring-test-5.0.8.RELEASE.jar:5.0.8.RELEASE]
	at org.springframework.test.context.TestContextManager.prepareTestInstance(TestContextManager.java:246) ~[spring-test-5.0.8.RELEASE.jar:5.0.8.RELEASE]
	at org.springframework.test.context.junit4.SpringJUnit4ClassRunner.createTest(SpringJUnit4ClassRunner.java:227) [spring-test-5.0.8.RELEASE.jar:5.0.8.RELEASE]
	at org.springframework.test.context.junit4.SpringJUnit4ClassRunner$1.runReflectiveCall(SpringJUnit4ClassRunner.java:289) [spring-test-5.0.8.RELEASE.jar:5.0.8.RELEASE]
	at org.junit.internal.runners.model.ReflectiveCallable.run(ReflectiveCallable.java:12) [junit-4.12.jar:4.12]
	at org.springframework.test.context.junit4.SpringJUnit4ClassRunner.methodBlock(SpringJUnit4ClassRunner.java:291) [spring-test-5.0.8.RELEASE.jar:5.0.8.RELEASE]
	at org.springframework.test.context.junit4.SpringJUnit4ClassRunner.runChild(SpringJUnit4ClassRunner.java:246) [spring-test-5.0.8.RELEASE.jar:5.0.8.RELEASE]
	at org.springframework.test.context.junit4.SpringJUnit4ClassRunner.runChild(SpringJUnit4ClassRunner.java:97) [spring-test-5.0.8.RELEASE.jar:5.0.8.RELEASE]
	at org.junit.runners.ParentRunner$3.run(ParentRunner.java:290) [junit-4.12.jar:4.12]
	at org.junit.runners.ParentRunner$1.schedule(ParentRunner.java:71) [junit-4.12.jar:4.12]
	at org.junit.runners.ParentRunner.runChildren(ParentRunner.java:288) [junit-4.12.jar:4.12]
	at org.junit.runners.ParentRunner.access$000(ParentRunner.java:58) [junit-4.12.jar:4.12]
	at org.junit.runners.ParentRunner$2.evaluate(ParentRunner.java:268) [junit-4.12.jar:4.12]
	at org.springframework.test.context.junit4.statements.RunBeforeTestClassCallbacks.evaluate(RunBeforeTestClassCallbacks.java:61) [spring-test-5.0.8.RELEASE.jar:5.0.8.RELEASE]
	at org.springframework.test.context.junit4.statements.RunAfterTestClassCallbacks.evaluate(RunAfterTestClassCallbacks.java:70) [spring-test-5.0.8.RELEASE.jar:5.0.8.RELEASE]
	at org.junit.runners.ParentRunner.run(ParentRunner.java:363) [junit-4.12.jar:4.12]
	at org.springframework.test.context.junit4.SpringJUnit4ClassRunner.run(SpringJUnit4ClassRunner.java:190) [spring-test-5.0.8.RELEASE.jar:5.0.8.RELEASE]
	at org.apache.maven.surefire.junit4.JUnit4Provider.execute(JUnit4Provider.java:365) [surefire-junit4-2.21.0.jar:2.21.0]
	at org.apache.maven.surefire.junit4.JUnit4Provider.executeWithRerun(JUnit4Provider.java:273) [surefire-junit4-2.21.0.jar:2.21.0]
	at org.apache.maven.surefire.junit4.JUnit4Provider.executeTestSet(JUnit4Provider.java:238) [surefire-junit4-2.21.0.jar:2.21.0]
	at org.apache.maven.surefire.junit4.JUnit4Provider.invoke(JUnit4Provider.java:159) [surefire-junit4-2.21.0.jar:2.21.0]
	at org.apache.maven.surefire.booter.ForkedBooter.invokeProviderInSameClassLoader(ForkedBooter.java:379) [surefire-booter-2.21.0.jar:2.21.0]
	at org.apache.maven.surefire.booter.ForkedBooter.runSuitesInProcess(ForkedBooter.java:340) [surefire-booter-2.21.0.jar:2.21.0]
	at org.apache.maven.surefire.booter.ForkedBooter.execute(ForkedBooter.java:125) [surefire-booter-2.21.0.jar:2.21.0]
	at org.apache.maven.surefire.booter.ForkedBooter.main(ForkedBooter.java:413) [surefire-booter-2.21.0.jar:2.21.0]
Caused by: org.springframework.beans.factory.UnsatisfiedDependencyException: Error creating bean with name 'userMapper' defined in file [/Users/xl/longRoad/vue项目/loginJava/spring_demo1209/target/classes/com/xxl/mapper/UserMapper.class]: Unsatisfied dependency expressed through bean property 'sqlSessionFactory'; nested exception is org.springframework.beans.factory.UnsatisfiedDependencyException: Error creating bean with name 'tk.mybatis.mapper.autoconfigure.MapperAutoConfiguration': Unsatisfied dependency expressed through constructor parameter 0; nested exception is org.springframework.boot.context.properties.ConfigurationPropertiesBindException: Error creating bean with name 'mybatis-tk.mybatis.mapper.autoconfigure.MybatisProperties': Could not bind properties to 'MybatisProperties' : prefix=mybatis, ignoreInvalidFields=false, ignoreUnknownFields=true; nested exception is org.springframework.boot.context.properties.bind.BindException: Failed to bind properties under 'mybatis.configuration' to org.apache.ibatis.session.Configuration
	at org.springframework.beans.factory.support.AbstractAutowireCapableBeanFactory.autowireByType(AbstractAutowireCapableBeanFactory.java:1436) ~[spring-beans-5.0.8.RELEASE.jar:5.0.8.RELEASE]
	at org.springframework.beans.factory.support.AbstractAutowireCapableBeanFactory.populateBean(AbstractAutowireCapableBeanFactory.java:1323) ~[spring-beans-5.0.8.RELEASE.jar:5.0.8.RELEASE]
	at org.springframework.beans.factory.support.AbstractAutowireCapableBeanFactory.doCreateBean(AbstractAutowireCapableBeanFactory.java:572) ~[spring-beans-5.0.8.RELEASE.jar:5.0.8.RELEASE]
	at org.springframework.beans.factory.support.AbstractAutowireCapableBeanFactory.createBean(AbstractAutowireCapableBeanFactory.java:495) ~[spring-beans-5.0.8.RELEASE.jar:5.0.8.RELEASE]
	at org.springframework.beans.factory.support.AbstractBeanFactory.lambda$doGetBean$0(AbstractBeanFactory.java:317) ~[spring-beans-5.0.8.RELEASE.jar:5.0.8.RELEASE]
	at org.springframework.beans.factory.support.DefaultSingletonBeanRegistry.getSingleton(DefaultSingletonBeanRegistry.java:222) ~[spring-beans-5.0.8.RELEASE.jar:5.0.8.RELEASE]
	at org.springframework.beans.factory.support.AbstractBeanFactory.doGetBean(AbstractBeanFactory.java:315) ~[spring-beans-5.0.8.RELEASE.jar:5.0.8.RELEASE]
	at org.springframework.beans.factory.support.AbstractBeanFactory.getBean(AbstractBeanFactory.java:199) ~[spring-beans-5.0.8.RELEASE.jar:5.0.8.RELEASE]
	at org.springframework.beans.factory.support.DefaultListableBeanFactory.preInstantiateSingletons(DefaultListableBeanFactory.java:740) ~[spring-beans-5.0.8.RELEASE.jar:5.0.8.RELEASE]
	at org.springframework.context.support.AbstractApplicationContext.finishBeanFactoryInitialization(AbstractApplicationContext.java:869) ~[spring-context-5.0.8.RELEASE.jar:5.0.8.RELEASE]
	at org.springframework.context.support.AbstractApplicationContext.refresh(AbstractApplicationContext.java:550) ~[spring-context-5.0.8.RELEASE.jar:5.0.8.RELEASE]
	at org.springframework.boot.SpringApplication.refresh(SpringApplication.java:762) ~[spring-boot-2.0.4.RELEASE.jar:2.0.4.RELEASE]
	at org.springframework.boot.SpringApplication.refreshContext(SpringApplication.java:398) ~[spring-boot-2.0.4.RELEASE.jar:2.0.4.RELEASE]
	at org.springframework.boot.SpringApplication.run(SpringApplication.java:330) ~[spring-boot-2.0.4.RELEASE.jar:2.0.4.RELEASE]
	at org.springframework.boot.test.context.SpringBootContextLoader.loadContext(SpringBootContextLoader.java:139) ~[spring-boot-test-2.0.4.RELEASE.jar:2.0.4.RELEASE]
	at org.springframework.test.context.cache.DefaultCacheAwareContextLoaderDelegate.loadContextInternal(DefaultCacheAwareContextLoaderDelegate.java:99) ~[spring-test-5.0.8.RELEASE.jar:5.0.8.RELEASE]
	at org.springframework.test.context.cache.DefaultCacheAwareContextLoaderDelegate.loadContext(DefaultCacheAwareContextLoaderDelegate.java:117) ~[spring-test-5.0.8.RELEASE.jar:5.0.8.RELEASE]
	... 27 common frames omitted
Caused by: org.springframework.beans.factory.UnsatisfiedDependencyException: Error creating bean with name 'tk.mybatis.mapper.autoconfigure.MapperAutoConfiguration': Unsatisfied dependency expressed through constructor parameter 0; nested exception is org.springframework.boot.context.properties.ConfigurationPropertiesBindException: Error creating bean with name 'mybatis-tk.mybatis.mapper.autoconfigure.MybatisProperties': Could not bind properties to 'MybatisProperties' : prefix=mybatis, ignoreInvalidFields=false, ignoreUnknownFields=true; nested exception is org.springframework.boot.context.properties.bind.BindException: Failed to bind properties under 'mybatis.configuration' to org.apache.ibatis.session.Configuration
	at org.springframework.beans.factory.support.ConstructorResolver.createArgumentArray(ConstructorResolver.java:732) ~[spring-beans-5.0.8.RELEASE.jar:5.0.8.RELEASE]
	at org.springframework.beans.factory.support.ConstructorResolver.autowireConstructor(ConstructorResolver.java:197) ~[spring-beans-5.0.8.RELEASE.jar:5.0.8.RELEASE]
	at org.springframework.beans.factory.support.AbstractAutowireCapableBeanFactory.autowireConstructor(AbstractAutowireCapableBeanFactory.java:1267) ~[spring-beans-5.0.8.RELEASE.jar:5.0.8.RELEASE]
	at org.springframework.beans.factory.support.AbstractAutowireCapableBeanFactory.createBeanInstance(AbstractAutowireCapableBeanFactory.java:1124) ~[spring-beans-5.0.8.RELEASE.jar:5.0.8.RELEASE]
	at org.springframework.beans.factory.support.AbstractAutowireCapableBeanFactory.doCreateBean(AbstractAutowireCapableBeanFactory.java:535) ~[spring-beans-5.0.8.RELEASE.jar:5.0.8.RELEASE]
	at org.springframework.beans.factory.support.AbstractAutowireCapableBeanFactory.createBean(AbstractAutowireCapableBeanFactory.java:495) ~[spring-beans-5.0.8.RELEASE.jar:5.0.8.RELEASE]
	at org.springframework.beans.factory.support.AbstractBeanFactory.lambda$doGetBean$0(AbstractBeanFactory.java:317) ~[spring-beans-5.0.8.RELEASE.jar:5.0.8.RELEASE]
	at org.springframework.beans.factory.support.DefaultSingletonBeanRegistry.getSingleton(DefaultSingletonBeanRegistry.java:222) ~[spring-beans-5.0.8.RELEASE.jar:5.0.8.RELEASE]
	at org.springframework.beans.factory.support.AbstractBeanFactory.doGetBean(AbstractBeanFactory.java:315) ~[spring-beans-5.0.8.RELEASE.jar:5.0.8.RELEASE]
	at org.springframework.beans.factory.support.AbstractBeanFactory.getBean(AbstractBeanFactory.java:199) ~[spring-beans-5.0.8.RELEASE.jar:5.0.8.RELEASE]
	at org.springframework.beans.factory.support.ConstructorResolver.instantiateUsingFactoryMethod(ConstructorResolver.java:372) ~[spring-beans-5.0.8.RELEASE.jar:5.0.8.RELEASE]
	at org.springframework.beans.factory.support.AbstractAutowireCapableBeanFactory.instantiateUsingFactoryMethod(AbstractAutowireCapableBeanFactory.java:1247) ~[spring-beans-5.0.8.RELEASE.jar:5.0.8.RELEASE]
	at org.springframework.beans.factory.support.AbstractAutowireCapableBeanFactory.createBeanInstance(AbstractAutowireCapableBeanFactory.java:1096) ~[spring-beans-5.0.8.RELEASE.jar:5.0.8.RELEASE]
	at org.springframework.beans.factory.support.AbstractAutowireCapableBeanFactory.doCreateBean(AbstractAutowireCapableBeanFactory.java:535) ~[spring-beans-5.0.8.RELEASE.jar:5.0.8.RELEASE]
	at org.springframework.beans.factory.support.AbstractAutowireCapableBeanFactory.createBean(AbstractAutowireCapableBeanFactory.java:495) ~[spring-beans-5.0.8.RELEASE.jar:5.0.8.RELEASE]
	at org.springframework.beans.factory.support.AbstractBeanFactory.lambda$doGetBean$0(AbstractBeanFactory.java:317) ~[spring-beans-5.0.8.RELEASE.jar:5.0.8.RELEASE]
	at org.springframework.beans.factory.support.DefaultSingletonBeanRegistry.getSingleton(DefaultSingletonBeanRegistry.java:222) ~[spring-beans-5.0.8.RELEASE.jar:5.0.8.RELEASE]
	at org.springframework.beans.factory.support.AbstractBeanFactory.doGetBean(AbstractBeanFactory.java:315) ~[spring-beans-5.0.8.RELEASE.jar:5.0.8.RELEASE]
	at org.springframework.beans.factory.support.AbstractBeanFactory.getBean(AbstractBeanFactory.java:199) ~[spring-beans-5.0.8.RELEASE.jar:5.0.8.RELEASE]
	at org.springframework.beans.factory.config.DependencyDescriptor.resolveCandidate(DependencyDescriptor.java:251) ~[spring-beans-5.0.8.RELEASE.jar:5.0.8.RELEASE]
	at org.springframework.beans.factory.support.DefaultListableBeanFactory.doResolveDependency(DefaultListableBeanFactory.java:1135) ~[spring-beans-5.0.8.RELEASE.jar:5.0.8.RELEASE]
	at org.springframework.beans.factory.support.DefaultListableBeanFactory.resolveDependency(DefaultListableBeanFactory.java:1062) ~[spring-beans-5.0.8.RELEASE.jar:5.0.8.RELEASE]
	at org.springframework.beans.factory.support.AbstractAutowireCapableBeanFactory.autowireByType(AbstractAutowireCapableBeanFactory.java:1421) ~[spring-beans-5.0.8.RELEASE.jar:5.0.8.RELEASE]
	... 43 common frames omitted
Caused by: org.springframework.boot.context.properties.ConfigurationPropertiesBindException: Error creating bean with name 'mybatis-tk.mybatis.mapper.autoconfigure.MybatisProperties': Could not bind properties to 'MybatisProperties' : prefix=mybatis, ignoreInvalidFields=false, ignoreUnknownFields=true; nested exception is org.springframework.boot.context.properties.bind.BindException: Failed to bind properties under 'mybatis.configuration' to org.apache.ibatis.session.Configuration
	at org.springframework.boot.context.properties.ConfigurationPropertiesBindingPostProcessor.bind(ConfigurationPropertiesBindingPostProcessor.java:110) ~[spring-boot-2.0.4.RELEASE.jar:2.0.4.RELEASE]
	at org.springframework.boot.context.properties.ConfigurationPropertiesBindingPostProcessor.postProcessBeforeInitialization(ConfigurationPropertiesBindingPostProcessor.java:93) ~[spring-boot-2.0.4.RELEASE.jar:2.0.4.RELEASE]
	at org.springframework.beans.factory.support.AbstractAutowireCapableBeanFactory.applyBeanPostProcessorsBeforeInitialization(AbstractAutowireCapableBeanFactory.java:416) ~[spring-beans-5.0.8.RELEASE.jar:5.0.8.RELEASE]
	at org.springframework.beans.factory.support.AbstractAutowireCapableBeanFactory.initializeBean(AbstractAutowireCapableBeanFactory.java:1691) ~[spring-beans-5.0.8.RELEASE.jar:5.0.8.RELEASE]
	at org.springframework.beans.factory.support.AbstractAutowireCapableBeanFactory.doCreateBean(AbstractAutowireCapableBeanFactory.java:573) ~[spring-beans-5.0.8.RELEASE.jar:5.0.8.RELEASE]
	at org.springframework.beans.factory.support.AbstractAutowireCapableBeanFactory.createBean(AbstractAutowireCapableBeanFactory.java:495) ~[spring-beans-5.0.8.RELEASE.jar:5.0.8.RELEASE]
	at org.springframework.beans.factory.support.AbstractBeanFactory.lambda$doGetBean$0(AbstractBeanFactory.java:317) ~[spring-beans-5.0.8.RELEASE.jar:5.0.8.RELEASE]
	at org.springframework.beans.factory.support.DefaultSingletonBeanRegistry.getSingleton(DefaultSingletonBeanRegistry.java:222) ~[spring-beans-5.0.8.RELEASE.jar:5.0.8.RELEASE]
	at org.springframework.beans.factory.support.AbstractBeanFactory.doGetBean(AbstractBeanFactory.java:315) ~[spring-beans-5.0.8.RELEASE.jar:5.0.8.RELEASE]
	at org.springframework.beans.factory.support.AbstractBeanFactory.getBean(AbstractBeanFactory.java:199) ~[spring-beans-5.0.8.RELEASE.jar:5.0.8.RELEASE]
	at org.springframework.beans.factory.config.DependencyDescriptor.resolveCandidate(DependencyDescriptor.java:251) ~[spring-beans-5.0.8.RELEASE.jar:5.0.8.RELEASE]
	at org.springframework.beans.factory.support.DefaultListableBeanFactory.doResolveDependency(DefaultListableBeanFactory.java:1135) ~[spring-beans-5.0.8.RELEASE.jar:5.0.8.RELEASE]
	at org.springframework.beans.factory.support.DefaultListableBeanFactory.resolveDependency(DefaultListableBeanFactory.java:1062) ~[spring-beans-5.0.8.RELEASE.jar:5.0.8.RELEASE]
	at org.springframework.beans.factory.support.ConstructorResolver.resolveAutowiredArgument(ConstructorResolver.java:818) ~[spring-beans-5.0.8.RELEASE.jar:5.0.8.RELEASE]
	at org.springframework.beans.factory.support.ConstructorResolver.createArgumentArray(ConstructorResolver.java:724) ~[spring-beans-5.0.8.RELEASE.jar:5.0.8.RELEASE]
	... 65 common frames omitted
Caused by: org.springframework.boot.context.properties.bind.BindException: Failed to bind properties under 'mybatis.configuration' to org.apache.ibatis.session.Configuration
	at org.springframework.boot.context.properties.bind.Binder.handleBindError(Binder.java:250) ~[spring-boot-2.0.4.RELEASE.jar:2.0.4.RELEASE]
	at org.springframework.boot.context.properties.bind.Binder.bind(Binder.java:226) ~[spring-boot-2.0.4.RELEASE.jar:2.0.4.RELEASE]
	at org.springframework.boot.context.properties.bind.Binder.lambda$bindBean$4(Binder.java:333) ~[spring-boot-2.0.4.RELEASE.jar:2.0.4.RELEASE]
	at org.springframework.boot.context.properties.bind.JavaBeanBinder.bind(JavaBeanBinder.java:73) ~[spring-boot-2.0.4.RELEASE.jar:2.0.4.RELEASE]
	at org.springframework.boot.context.properties.bind.JavaBeanBinder.bind(JavaBeanBinder.java:62) ~[spring-boot-2.0.4.RELEASE.jar:2.0.4.RELEASE]
	at org.springframework.boot.context.properties.bind.JavaBeanBinder.bind(JavaBeanBinder.java:54) ~[spring-boot-2.0.4.RELEASE.jar:2.0.4.RELEASE]
	at org.springframework.boot.context.properties.bind.Binder.lambda$null$5(Binder.java:341) ~[spring-boot-2.0.4.RELEASE.jar:2.0.4.RELEASE]
	at java.util.stream.ReferencePipeline$3$1.accept(ReferencePipeline.java:193) ~[na:1.8.0_202]
	at java.util.ArrayList$ArrayListSpliterator.tryAdvance(ArrayList.java:1359) ~[na:1.8.0_202]
	at java.util.stream.ReferencePipeline.forEachWithCancel(ReferencePipeline.java:126) ~[na:1.8.0_202]
	at java.util.stream.AbstractPipeline.copyIntoWithCancel(AbstractPipeline.java:498) ~[na:1.8.0_202]
	at java.util.stream.AbstractPipeline.copyInto(AbstractPipeline.java:485) ~[na:1.8.0_202]
	at java.util.stream.AbstractPipeline.wrapAndCopyInto(AbstractPipeline.java:471) ~[na:1.8.0_202]
	at java.util.stream.FindOps$FindOp.evaluateSequential(FindOps.java:152) ~[na:1.8.0_202]
	at java.util.stream.AbstractPipeline.evaluate(AbstractPipeline.java:234) ~[na:1.8.0_202]
	at java.util.stream.ReferencePipeline.findFirst(ReferencePipeline.java:464) ~[na:1.8.0_202]
	at org.springframework.boot.context.properties.bind.Binder.lambda$bindBean$6(Binder.java:342) ~[spring-boot-2.0.4.RELEASE.jar:2.0.4.RELEASE]
	at org.springframework.boot.context.properties.bind.Binder$Context.withIncreasedDepth(Binder.java:441) ~[spring-boot-2.0.4.RELEASE.jar:2.0.4.RELEASE]
	at org.springframework.boot.context.properties.bind.Binder$Context.withBean(Binder.java:427) ~[spring-boot-2.0.4.RELEASE.jar:2.0.4.RELEASE]
	at org.springframework.boot.context.properties.bind.Binder$Context.access$400(Binder.java:381) ~[spring-boot-2.0.4.RELEASE.jar:2.0.4.RELEASE]
	at org.springframework.boot.context.properties.bind.Binder.bindBean(Binder.java:339) ~[spring-boot-2.0.4.RELEASE.jar:2.0.4.RELEASE]
	at org.springframework.boot.context.properties.bind.Binder.bindObject(Binder.java:278) ~[spring-boot-2.0.4.RELEASE.jar:2.0.4.RELEASE]
	at org.springframework.boot.context.properties.bind.Binder.bind(Binder.java:221) ~[spring-boot-2.0.4.RELEASE.jar:2.0.4.RELEASE]
	at org.springframework.boot.context.properties.bind.Binder.bind(Binder.java:210) ~[spring-boot-2.0.4.RELEASE.jar:2.0.4.RELEASE]
	at org.springframework.boot.context.properties.bind.Binder.bind(Binder.java:192) ~[spring-boot-2.0.4.RELEASE.jar:2.0.4.RELEASE]
	at org.springframework.boot.context.properties.ConfigurationPropertiesBinder.bind(ConfigurationPropertiesBinder.java:82) ~[spring-boot-2.0.4.RELEASE.jar:2.0.4.RELEASE]
	at org.springframework.boot.context.properties.ConfigurationPropertiesBindingPostProcessor.bind(ConfigurationPropertiesBindingPostProcessor.java:107) ~[spring-boot-2.0.4.RELEASE.jar:2.0.4.RELEASE]
	... 79 common frames omitted
Caused by: org.springframework.core.convert.ConverterNotFoundException: No converter found capable of converting from type [java.lang.String] to type [@org.springframework.boot.context.properties.NestedConfigurationProperty org.apache.ibatis.session.Configuration]
	at org.springframework.core.convert.support.GenericConversionService.handleConverterNotFound(GenericConversionService.java:321) ~[spring-core-5.0.8.RELEASE.jar:5.0.8.RELEASE]
	at org.springframework.core.convert.support.GenericConversionService.convert(GenericConversionService.java:194) ~[spring-core-5.0.8.RELEASE.jar:5.0.8.RELEASE]
	at org.springframework.boot.context.properties.bind.BindConverter$CompositeConversionService.convert(BindConverter.java:162) ~[spring-boot-2.0.4.RELEASE.jar:2.0.4.RELEASE]
	at org.springframework.boot.context.properties.bind.BindConverter.convert(BindConverter.java:96) ~[spring-boot-2.0.4.RELEASE.jar:2.0.4.RELEASE]
	at org.springframework.boot.context.properties.bind.BindConverter.convert(BindConverter.java:88) ~[spring-boot-2.0.4.RELEASE.jar:2.0.4.RELEASE]
	at org.springframework.boot.context.properties.bind.Binder.bindProperty(Binder.java:323) ~[spring-boot-2.0.4.RELEASE.jar:2.0.4.RELEASE]
	at org.springframework.boot.context.properties.bind.Binder.bindObject(Binder.java:266) ~[spring-boot-2.0.4.RELEASE.jar:2.0.4.RELEASE]
	at org.springframework.boot.context.properties.bind.Binder.bind(Binder.java:221) ~[spring-boot-2.0.4.RELEASE.jar:2.0.4.RELEASE]
	... 104 common frames omitted

]]></system-out>
  </testcase>
</testsuite>